2026-06-19 08:59:59 | INFO     | scraper.tasas_referenciales | === Inicio scraper Tasas Referenciales ===
2026-06-19 09:00:05 | INFO     | scraper.tasas_referenciales | Descargando HTML (intento 1/3): shttps://contenido.bce.fin.ec/documentos/Estadisticas/SectorMonFin/TasasInteres/Indice.htm
2026-06-19 09:00:05 | WARNING  | scraper.tasas_referenciales | Intento 1 falló: No connection adapters were found for 'shttps://contenido.bce.fin.ec/documentos/Estadisticas/SectorMonFin/TasasInteres/Indice.htm'
2026-06-19 09:00:05 | INFO     | scraper.tasas_referenciales | Esperando 2s antes de reintentar...
2026-06-19 09:00:07 | INFO     | scraper.tasas_referenciales | Descargando HTML (intento 2/3): shttps://contenido.bce.fin.ec/documentos/Estadisticas/SectorMonFin/TasasInteres/Indice.htm
2026-06-19 09:00:07 | WARNING  | scraper.tasas_referenciales | Intento 2 falló: No connection adapters were found for 'shttps://contenido.bce.fin.ec/documentos/Estadisticas/SectorMonFin/TasasInteres/Indice.htm'
2026-06-19 09:00:07 | INFO     | scraper.tasas_referenciales | Esperando 4s antes de reintentar...
2026-06-19 09:00:11 | INFO     | scraper.tasas_referenciales | Descargando HTML (intento 3/3): shttps://contenido.bce.fin.ec/documentos/Estadisticas/SectorMonFin/TasasInteres/Indice.htm
2026-06-19 09:00:11 | WARNING  | scraper.tasas_referenciales | Intento 3 falló: No connection adapters were found for 'shttps://contenido.bce.fin.ec/documentos/Estadisticas/SectorMonFin/TasasInteres/Indice.htm'
2026-06-19 09:00:11 | ERROR    | scraper.tasas_referenciales | Se agotaron los reintentos para shttps://contenido.bce.fin.ec/documentos/Estadisticas/SectorMonFin/TasasInteres/Indice.htm
2026-06-19 09:00:11 | ERROR    | scraper.tasas_referenciales | Error crítico en la ejecución del scraper
Traceback (most recent call last):
  File "C:\Users\cbenalcazar\Downloads\ScraperBCE-main\main.py", line 16, in main
    df_maximas, df_otras = ejecutar_scraping()
                           ~~~~~~~~~~~~~~~~~^^
  File "C:\Users\cbenalcazar\Downloads\ScraperBCE-main\src\scraper\tasas_referenciales.py", line 221, in ejecutar_scraping
    tablas = obtener_tablas()
  File "C:\Users\cbenalcazar\Downloads\ScraperBCE-main\src\scraper\tasas_referenciales.py", line 70, in obtener_tablas
    html = obtener_html(url)
  File "C:\Users\cbenalcazar\Downloads\ScraperBCE-main\src\scraper\http_client.py", line 66, in obtener_html
    raise ultimo_error  # type: ignore[misc]
    ^^^^^^^^^^^^^^^^^^
  File "C:\Users\cbenalcazar\Downloads\ScraperBCE-main\src\scraper\http_client.py", line 43, in obtener_html
    response = requests.get(
        url,
    ...<2 lines>...
        verify=VERIFY_SSL,
    )
  File "C:\Users\cbenalcazar\AppData\Roaming\Python\Python314\site-packages\requests\api.py", line 87, in get
    return request("get", url, params=params, **kwargs)
  File "C:\Users\cbenalcazar\AppData\Roaming\Python\Python314\site-packages\requests\api.py", line 71, in request
    return session.request(method=method, url=url, **kwargs)
           ~~~~~~~~~~~~~~~^^^^^^^^^^^^^^^^^^^^^^^^^^^^^^^^^^
  File "C:\Users\cbenalcazar\AppData\Roaming\Python\Python314\site-packages\requests\sessions.py", line 651, in request
    resp = self.send(prep, **send_kwargs)
  File "C:\Users\cbenalcazar\AppData\Roaming\Python\Python314\site-packages\requests\sessions.py", line 778, in send
    adapter = self.get_adapter(url=request.url)
  File "C:\Users\cbenalcazar\AppData\Roaming\Python\Python314\site-packages\requests\sessions.py", line 881, in get_adapter
    raise InvalidSchema(f"No connection adapters were found for {url!r}")
requests.exceptions.InvalidSchema: No connection adapters were found for 'shttps://contenido.bce.fin.ec/documentos/Estadisticas/SectorMonFin/TasasInteres/Indice.htm'
2026-06-19 09:00:11 | INFO     | scraper.tasas_referenciales | Intento de Envio de Notificaciones por correo
2026-06-19 09:00:15 | INFO     | scraper.tasas_referenciales | Notificación por correo enviada: ❌ Tasas Referenciales: error de ejecución
2026-06-19 09:00:15 | INFO     | scraper.tasas_referenciales | Intento de Envio de Notificaciones
2026-06-19 09:00:17 | INFO     | scraper.tasas_referenciales | Notificación Teams enviada: ❌ Tasas Referenciales: error de ejecución
2026-06-19 09:00:17 | INFO     | scraper.tasas_referenciales | Resumen: sin errores no críticos.
2026-06-19 09:00:17 | INFO     | scraper.tasas_referenciales | === Fin scraper Tasas Referenciales ===
2026-06-19 09:00:48 | INFO     | scraper.tasas_referenciales | === Inicio scraper Tasas Referenciales ===
2026-06-19 09:00:48 | INFO     | scraper.tasas_referenciales | Descargando HTML (intento 1/3): shttps://contenido.bce.fin.ec/documentos/Estadisticas/SectorMonFin/TasasInteres/Indice.htm
2026-06-19 09:00:48 | WARNING  | scraper.tasas_referenciales | Intento 1 falló: No connection adapters were found for 'shttps://contenido.bce.fin.ec/documentos/Estadisticas/SectorMonFin/TasasInteres/Indice.htm'
2026-06-19 09:00:48 | INFO     | scraper.tasas_referenciales | Esperando 2s antes de reintentar...
2026-06-19 09:00:50 | INFO     | scraper.tasas_referenciales | Descargando HTML (intento 2/3): shttps://contenido.bce.fin.ec/documentos/Estadisticas/SectorMonFin/TasasInteres/Indice.htm
2026-06-19 09:00:50 | WARNING  | scraper.tasas_referenciales | Intento 2 falló: No connection adapters were found for 'shttps://contenido.bce.fin.ec/documentos/Estadisticas/SectorMonFin/TasasInteres/Indice.htm'
2026-06-19 09:00:50 | INFO     | scraper.tasas_referenciales | Esperando 4s antes de reintentar...
2026-06-19 09:00:54 | INFO     | scraper.tasas_referenciales | Descargando HTML (intento 3/3): shttps://contenido.bce.fin.ec/documentos/Estadisticas/SectorMonFin/TasasInteres/Indice.htm
2026-06-19 09:00:54 | WARNING  | scraper.tasas_referenciales | Intento 3 falló: No connection adapters were found for 'shttps://contenido.bce.fin.ec/documentos/Estadisticas/SectorMonFin/TasasInteres/Indice.htm'
2026-06-19 09:00:54 | ERROR    | scraper.tasas_referenciales | Se agotaron los reintentos para shttps://contenido.bce.fin.ec/documentos/Estadisticas/SectorMonFin/TasasInteres/Indice.htm
2026-06-19 09:00:54 | ERROR    | scraper.tasas_referenciales | Error crítico en la ejecución del scraper
Traceback (most recent call last):
  File "C:\Users\cbenalcazar\Downloads\ScraperBCE-main\main.py", line 16, in main
    df_maximas, df_otras = ejecutar_scraping()
                           ~~~~~~~~~~~~~~~~~^^
  File "C:\Users\cbenalcazar\Downloads\ScraperBCE-main\src\scraper\tasas_referenciales.py", line 221, in ejecutar_scraping
    tablas = obtener_tablas()
  File "C:\Users\cbenalcazar\Downloads\ScraperBCE-main\src\scraper\tasas_referenciales.py", line 70, in obtener_tablas
    html = obtener_html(url)
  File "C:\Users\cbenalcazar\Downloads\ScraperBCE-main\src\scraper\http_client.py", line 66, in obtener_html
    raise ultimo_error  # type: ignore[misc]
    ^^^^^^^^^^^^^^^^^^
  File "C:\Users\cbenalcazar\Downloads\ScraperBCE-main\src\scraper\http_client.py", line 43, in obtener_html
    response = requests.get(
        url,
    ...<2 lines>...
        verify=VERIFY_SSL,
    )
  File "C:\Users\cbenalcazar\AppData\Roaming\Python\Python314\site-packages\requests\api.py", line 87, in get
    return request("get", url, params=params, **kwargs)
  File "C:\Users\cbenalcazar\AppData\Roaming\Python\Python314\site-packages\requests\api.py", line 71, in request
    return session.request(method=method, url=url, **kwargs)
           ~~~~~~~~~~~~~~~^^^^^^^^^^^^^^^^^^^^^^^^^^^^^^^^^^
  File "C:\Users\cbenalcazar\AppData\Roaming\Python\Python314\site-packages\requests\sessions.py", line 651, in request
    resp = self.send(prep, **send_kwargs)
  File "C:\Users\cbenalcazar\AppData\Roaming\Python\Python314\site-packages\requests\sessions.py", line 778, in send
    adapter = self.get_adapter(url=request.url)
  File "C:\Users\cbenalcazar\AppData\Roaming\Python\Python314\site-packages\requests\sessions.py", line 881, in get_adapter
    raise InvalidSchema(f"No connection adapters were found for {url!r}")
requests.exceptions.InvalidSchema: No connection adapters were found for 'shttps://contenido.bce.fin.ec/documentos/Estadisticas/SectorMonFin/TasasInteres/Indice.htm'
2026-06-19 09:00:54 | INFO     | scraper.tasas_referenciales | Intento de Envio de Notificaciones por correo
2026-06-19 09:00:58 | INFO     | scraper.tasas_referenciales | Notificación por correo enviada: ❌ Tasas Referenciales: error de ejecución
2026-06-19 09:00:58 | INFO     | scraper.tasas_referenciales | Intento de Envio de Notificaciones
2026-06-19 09:01:00 | INFO     | scraper.tasas_referenciales | Notificación Teams enviada: ❌ Tasas Referenciales: error de ejecución
2026-06-19 09:01:00 | INFO     | scraper.tasas_referenciales | Resumen: sin errores no críticos.
2026-06-19 09:01:00 | INFO     | scraper.tasas_referenciales | === Fin scraper Tasas Referenciales ===
2026-06-19 09:01:41 | INFO     | scraper.tasas_referenciales | === Inicio scraper Tasas Referenciales ===
2026-06-19 09:01:41 | INFO     | scraper.tasas_referenciales | Descargando HTML (intento 1/3): https://contenido.bce.fin.ec/documentos/Estadisticas/SectorMonFin/TasasInteres/Indice.htm
2026-06-19 09:01:42 | INFO     | scraper.tasas_referenciales | HTML descargado correctamente (48554 caracteres)
2026-06-19 09:01:42 | INFO     | scraper.tasas_referenciales | Se encontraron 2 tablas en la página.
2026-06-19 09:01:42 | INFO     | scraper.tasas_referenciales | Tabla clave-valor extraída: tabla_extraida_1_indice_0 (24 filas)
2026-06-19 09:01:42 | INFO     | scraper.tasas_referenciales | Tabla clave-valor extraída: tabla_extraida_2_indice_1 (28 filas)
2026-06-19 09:01:42 | INFO     | scraper.tasas_referenciales | Total de tablas clave-valor extraídas: 2
2026-06-19 09:01:42 | INFO     | scraper.tasas_referenciales | Periodo detectado: Junio 2026 -> 202606
2026-06-19 09:01:42 | INFO     | scraper.tasas_referenciales | Scraping completo -> máximas: 11 filas | otras: 10 filas
2026-06-19 09:01:42 | INFO     | scraper.tasas_referenciales | Tasas máximas referenciales: 11 filas
2026-06-19 09:01:42 | INFO     | scraper.tasas_referenciales | Otras tasas: 10 filas
2026-06-19 09:01:44 | INFO     | scraper.tasas_referenciales | EJECUTANDO: dbo.ISC_VIZ_MK_TASAS_MAXIMAS_REFERENCIALES -> periodo origen=202606 | periodo BD=202606
2026-06-19 09:01:44 | INFO     | scraper.tasas_referenciales | EJECUTANDO: No hay datos nuevos para dbo.ISC_VIZ_MK_TASAS_MAXIMAS_REFERENCIALES
2026-06-19 09:01:44 | INFO     | scraper.tasas_referenciales | EJECUTANDO: dbo.ISC_VIZ_OTRAS_TASAS_REFERENCIALES -> periodo origen=202606 | periodo BD=202606
2026-06-19 09:01:44 | INFO     | scraper.tasas_referenciales | EJECUTANDO: No hay datos nuevos para dbo.ISC_VIZ_OTRAS_TASAS_REFERENCIALES
2026-06-19 09:01:44 | INFO     | scraper.tasas_referenciales | No hubo periodo nuevo; no se cargó nada.
2026-06-19 09:01:44 | INFO     | scraper.tasas_referenciales | Resumen: sin errores no críticos.
2026-06-19 09:01:44 | INFO     | scraper.tasas_referenciales | === Fin scraper Tasas Referenciales ===
2026-06-19 09:02:07 | INFO     | scraper.tasas_referenciales | === Inicio scraper Tasas Referenciales ===
2026-06-19 09:02:07 | INFO     | scraper.tasas_referenciales | Descargando HTML (intento 1/3): https://contenido.bce.fin.ec/documentos/Estadisticas/SectorMonFin/TasasInteres/Indice.htm
2026-06-19 09:02:08 | INFO     | scraper.tasas_referenciales | HTML descargado correctamente (48554 caracteres)
2026-06-19 09:02:08 | INFO     | scraper.tasas_referenciales | Se encontraron 2 tablas en la página.
2026-06-19 09:02:08 | INFO     | scraper.tasas_referenciales | Tabla clave-valor extraída: tabla_extraida_1_indice_0 (24 filas)
2026-06-19 09:02:08 | INFO     | scraper.tasas_referenciales | Tabla clave-valor extraída: tabla_extraida_2_indice_1 (28 filas)
2026-06-19 09:02:08 | INFO     | scraper.tasas_referenciales | Total de tablas clave-valor extraídas: 2
2026-06-19 09:02:08 | INFO     | scraper.tasas_referenciales | Periodo detectado: Junio 2026 -> 202606
2026-06-19 09:02:08 | INFO     | scraper.tasas_referenciales | Scraping completo -> máximas: 11 filas | otras: 10 filas
2026-06-19 09:02:08 | INFO     | scraper.tasas_referenciales | Tasas máximas referenciales: 11 filas
2026-06-19 09:02:08 | INFO     | scraper.tasas_referenciales | Otras tasas: 10 filas
2026-06-19 09:02:08 | INFO     | scraper.tasas_referenciales | EJECUTANDO: Tabla dbo.ISC_VIZ_MK_TASAS_MAXIMAS_REFERENCIALES vacía; usando periodo base.
2026-06-19 09:02:08 | INFO     | scraper.tasas_referenciales | EJECUTANDO: dbo.ISC_VIZ_MK_TASAS_MAXIMAS_REFERENCIALES -> periodo origen=202606 | periodo BD=199101
2026-06-19 09:02:08 | INFO     | scraper.tasas_referenciales | EJECUTANDO: Autocalculando DDL para [ISC_VIZ_MK_TASAS_MAXIMAS_REFERENCIALES] desde el DataFrame
2026-06-19 09:02:08 | ERROR    | scraper.tasas_referenciales | Error crítico en la ejecución del scraper
Traceback (most recent call last):
  File "C:\Users\cbenalcazar\Downloads\ScraperBCE-main\main.py", line 27, in main
    cargado_maximas = cargar_si_hay_periodo_nuevo(
        df_maximas,
    ...<2 lines>...
        periodo_base=settings.PERIODO_BASE,
    )
  File "C:\Users\cbenalcazar\Downloads\ScraperBCE-main\src\database\operations.py", line 76, in cargar_si_hay_periodo_nuevo
    return crear_y_cargar(df, tabla)
  File "C:\Users\cbenalcazar\Downloads\ScraperBCE-main\src\database\operations.py", line 27, in crear_y_cargar
    ddl = _autocalcular_ddl(df, table_name)
          ^^^^^^^^^^^^^^^^^
NameError: name '_autocalcular_ddl' is not defined
2026-06-19 09:02:08 | INFO     | scraper.tasas_referenciales | Intento de Envio de Notificaciones por correo
2026-06-19 09:02:12 | INFO     | scraper.tasas_referenciales | Notificación por correo enviada: ❌ Tasas Referenciales: error de ejecución
2026-06-19 09:02:12 | INFO     | scraper.tasas_referenciales | Intento de Envio de Notificaciones
2026-06-19 09:02:14 | INFO     | scraper.tasas_referenciales | Notificación Teams enviada: ❌ Tasas Referenciales: error de ejecución
2026-06-19 09:02:14 | INFO     | scraper.tasas_referenciales | Resumen: sin errores no críticos.
2026-06-19 09:02:14 | INFO     | scraper.tasas_referenciales | === Fin scraper Tasas Referenciales ===
2026-06-19 09:03:43 | INFO     | scraper.tasas_referenciales | === Inicio scraper Tasas Referenciales ===
2026-06-19 09:03:43 | INFO     | scraper.tasas_referenciales | Descargando HTML (intento 1/3): https://contenido.bce.fin.ec/documentos/Estadisticas/SectorMonFin/TasasInteres/Indice.htm
2026-06-19 09:03:44 | INFO     | scraper.tasas_referenciales | HTML descargado correctamente (48554 caracteres)
2026-06-19 09:03:44 | INFO     | scraper.tasas_referenciales | Se encontraron 2 tablas en la página.
2026-06-19 09:03:44 | INFO     | scraper.tasas_referenciales | Tabla clave-valor extraída: tabla_extraida_1_indice_0 (24 filas)
2026-06-19 09:03:44 | INFO     | scraper.tasas_referenciales | Tabla clave-valor extraída: tabla_extraida_2_indice_1 (28 filas)
2026-06-19 09:03:44 | INFO     | scraper.tasas_referenciales | Total de tablas clave-valor extraídas: 2
2026-06-19 09:03:44 | INFO     | scraper.tasas_referenciales | Periodo detectado: Junio 2026 -> 202606
2026-06-19 09:03:44 | INFO     | scraper.tasas_referenciales | Scraping completo -> máximas: 11 filas | otras: 10 filas
2026-06-19 09:03:44 | INFO     | scraper.tasas_referenciales | Tasas máximas referenciales: 11 filas
2026-06-19 09:03:44 | INFO     | scraper.tasas_referenciales | Otras tasas: 10 filas
2026-06-19 09:03:44 | INFO     | scraper.tasas_referenciales | EJECUTANDO: Tabla dbo.ISC_VIZ_MK_TASAS_MAXIMAS_REFERENCIALES vacía; usando periodo base.
2026-06-19 09:03:44 | INFO     | scraper.tasas_referenciales | EJECUTANDO: dbo.ISC_VIZ_MK_TASAS_MAXIMAS_REFERENCIALES -> periodo origen=202606 | periodo BD=199101
2026-06-19 09:03:44 | INFO     | scraper.tasas_referenciales | EJECUTANDO: Autocalculando DDL para [ISC_VIZ_MK_TASAS_MAXIMAS_REFERENCIALES] desde el DataFrame
2026-06-19 09:03:45 | INFO     | scraper.tasas_referenciales | EJECUTANDO ACCIÓN: DDL:
CREATE TABLE [dbo].[ISC_VIZ_MK_TASAS_MAXIMAS_REFERENCIALES] (
    [SEGMENTO_CREDITO] VARCHAR(53) NULL,
    [TASA_EFECTIVA_MAXIMA] DECIMAL(10,2) NULL,
    [TASA_REFERENCIAL] DECIMAL(10,2) NULL,
    [PERIODO] INT NULL
);
2026-06-19 09:03:45 | INFO     | scraper.tasas_referenciales | EJECUTANDO: Tabla [ISC_VIZ_MK_TASAS_MAXIMAS_REFERENCIALES] lista. Insertando 11 registros.
2026-06-19 09:03:45 | ERROR    | scraper.tasas_referenciales | ERROR: No se pudo crear y cargar la tabla ISC_VIZ_MK_TASAS_MAXIMAS_REFERENCIALES: name 'insertar_en_chunks' is not defined
2026-06-19 09:03:45 | INFO     | scraper.tasas_referenciales | EJECUTANDO: Tabla dbo.ISC_VIZ_OTRAS_TASAS_REFERENCIALES vacía; usando periodo base.
2026-06-19 09:03:45 | INFO     | scraper.tasas_referenciales | EJECUTANDO: dbo.ISC_VIZ_OTRAS_TASAS_REFERENCIALES -> periodo origen=202606 | periodo BD=199101
2026-06-19 09:03:45 | INFO     | scraper.tasas_referenciales | EJECUTANDO: Autocalculando DDL para [ISC_VIZ_OTRAS_TASAS_REFERENCIALES] desde el DataFrame
2026-06-19 09:03:45 | INFO     | scraper.tasas_referenciales | EJECUTANDO ACCIÓN: DDL:
CREATE TABLE [dbo].[ISC_VIZ_OTRAS_TASAS_REFERENCIALES] (
    [TASAS_REFERENCIALES] VARCHAR(38) NULL,
    [TASA_PORCENTUAL] DECIMAL(10,2) NULL,
    [CATEGORIA] VARCHAR(28) NULL,
    [PERIODO] INT NULL
);
2026-06-19 09:03:45 | INFO     | scraper.tasas_referenciales | EJECUTANDO: Tabla [ISC_VIZ_OTRAS_TASAS_REFERENCIALES] lista. Insertando 10 registros.
2026-06-19 09:03:45 | ERROR    | scraper.tasas_referenciales | ERROR: No se pudo crear y cargar la tabla ISC_VIZ_OTRAS_TASAS_REFERENCIALES: name 'insertar_en_chunks' is not defined
2026-06-19 09:03:45 | INFO     | scraper.tasas_referenciales | No hubo periodo nuevo; no se cargó nada.
2026-06-19 09:03:45 | INFO     | scraper.tasas_referenciales | Resumen: sin errores no críticos.
2026-06-19 09:03:45 | INFO     | scraper.tasas_referenciales | === Fin scraper Tasas Referenciales ===
2026-06-19 09:07:57 | INFO     | scraper.tasas_referenciales | === Inicio scraper Tasas Referenciales ===
2026-06-19 09:07:57 | INFO     | scraper.tasas_referenciales | Descargando HTML (intento 1/3): https://contenido.bce.fin.ec/documentos/Estadisticas/SectorMonFin/TasasInteres/Indice.htm
2026-06-19 09:07:58 | INFO     | scraper.tasas_referenciales | HTML descargado correctamente (48554 caracteres)
2026-06-19 09:07:58 | INFO     | scraper.tasas_referenciales | Se encontraron 2 tablas en la página.
2026-06-19 09:07:58 | INFO     | scraper.tasas_referenciales | Tabla clave-valor extraída: tabla_extraida_1_indice_0 (24 filas)
2026-06-19 09:07:58 | INFO     | scraper.tasas_referenciales | Tabla clave-valor extraída: tabla_extraida_2_indice_1 (28 filas)
2026-06-19 09:07:58 | INFO     | scraper.tasas_referenciales | Total de tablas clave-valor extraídas: 2
2026-06-19 09:07:58 | INFO     | scraper.tasas_referenciales | Periodo detectado: Junio 2026 -> 202606
2026-06-19 09:07:58 | INFO     | scraper.tasas_referenciales | Scraping completo -> máximas: 11 filas | otras: 10 filas
2026-06-19 09:07:58 | INFO     | scraper.tasas_referenciales | Tasas máximas referenciales: 11 filas
2026-06-19 09:07:58 | INFO     | scraper.tasas_referenciales | Otras tasas: 10 filas
2026-06-19 09:07:58 | INFO     | scraper.tasas_referenciales | EJECUTANDO: Tabla dbo.ISC_VIZ_MK_TASAS_MAXIMAS_REFERENCIALES vacía; usando periodo base.
2026-06-19 09:07:58 | INFO     | scraper.tasas_referenciales | EJECUTANDO: dbo.ISC_VIZ_MK_TASAS_MAXIMAS_REFERENCIALES -> periodo origen=202606 | periodo BD=199101
2026-06-19 09:07:58 | INFO     | scraper.tasas_referenciales | EJECUTANDO: Autocalculando DDL para [ISC_VIZ_MK_TASAS_MAXIMAS_REFERENCIALES] desde el DataFrame
2026-06-19 09:07:58 | INFO     | scraper.tasas_referenciales | EJECUTANDO ACCIÓN: DDL:
CREATE TABLE [dbo].[ISC_VIZ_MK_TASAS_MAXIMAS_REFERENCIALES] (
    [SEGMENTO_CREDITO] VARCHAR(53) NULL,
    [TASA_EFECTIVA_MAXIMA] DECIMAL(10,2) NULL,
    [TASA_REFERENCIAL] DECIMAL(10,2) NULL,
    [PERIODO] INT NULL
);
2026-06-19 09:07:59 | INFO     | scraper.tasas_referenciales | EJECUTANDO: Tabla [ISC_VIZ_MK_TASAS_MAXIMAS_REFERENCIALES] lista. Insertando 11 registros.
2026-06-19 09:07:59 | INFO     | scraper.tasas_referenciales | EJECUTANDO: Conectando via PYODBC para insertar en chunks en la tabla destino: ISC_VIZ_MK_TASAS_MAXIMAS_REFERENCIALES
2026-06-19 09:07:59 | INFO     | scraper.tasas_referenciales | EJECUTANDO ACCIÓN: Insertando 11 registros en [ISC_VIZ_MK_TASAS_MAXIMAS_REFERENCIALES] (chunks de 10000)
2026-06-19 09:07:59 | INFO     | scraper.tasas_referenciales | Carga finalizada: 11 registros insertados en [ISC_VIZ_MK_TASAS_MAXIMAS_REFERENCIALES]
2026-06-19 09:07:59 | INFO     | scraper.tasas_referenciales | EJECUTANDO: Tabla dbo.ISC_VIZ_OTRAS_TASAS_REFERENCIALES vacía; usando periodo base.
2026-06-19 09:07:59 | INFO     | scraper.tasas_referenciales | EJECUTANDO: dbo.ISC_VIZ_OTRAS_TASAS_REFERENCIALES -> periodo origen=202606 | periodo BD=199101
2026-06-19 09:07:59 | INFO     | scraper.tasas_referenciales | EJECUTANDO: Autocalculando DDL para [ISC_VIZ_OTRAS_TASAS_REFERENCIALES] desde el DataFrame
2026-06-19 09:07:59 | INFO     | scraper.tasas_referenciales | EJECUTANDO ACCIÓN: DDL:
CREATE TABLE [dbo].[ISC_VIZ_OTRAS_TASAS_REFERENCIALES] (
    [TASAS_REFERENCIALES] VARCHAR(38) NULL,
    [TASA_PORCENTUAL] DECIMAL(10,2) NULL,
    [CATEGORIA] VARCHAR(28) NULL,
    [PERIODO] INT NULL
);
2026-06-19 09:07:59 | INFO     | scraper.tasas_referenciales | EJECUTANDO: Tabla [ISC_VIZ_OTRAS_TASAS_REFERENCIALES] lista. Insertando 10 registros.
2026-06-19 09:07:59 | INFO     | scraper.tasas_referenciales | EJECUTANDO: Conectando via PYODBC para insertar en chunks en la tabla destino: ISC_VIZ_OTRAS_TASAS_REFERENCIALES
2026-06-19 09:07:59 | INFO     | scraper.tasas_referenciales | EJECUTANDO ACCIÓN: Insertando 10 registros en [ISC_VIZ_OTRAS_TASAS_REFERENCIALES] (chunks de 10000)
2026-06-19 09:07:59 | INFO     | scraper.tasas_referenciales | Carga finalizada: 10 registros insertados en [ISC_VIZ_OTRAS_TASAS_REFERENCIALES]
2026-06-19 09:07:59 | INFO     | scraper.tasas_referenciales | Carga completada. Enviando notificación de éxito.
2026-06-19 09:07:59 | INFO     | scraper.tasas_referenciales | Intento de Envio de Notificaciones por correo
2026-06-19 09:08:02 | INFO     | scraper.tasas_referenciales | Notificación por correo enviada: ✅ Tasas Referenciales actualizadas
2026-06-19 09:08:02 | INFO     | scraper.tasas_referenciales | Intento de Envio de Notificaciones
2026-06-19 09:08:05 | INFO     | scraper.tasas_referenciales | Notificación Teams enviada: ✅ Tasas Referenciales actualizadas
2026-06-19 09:08:05 | INFO     | scraper.tasas_referenciales | Resumen: sin errores no críticos.
2026-06-19 09:08:05 | INFO     | scraper.tasas_referenciales | === Fin scraper Tasas Referenciales ===
2026-06-19 09:10:11 | INFO     | scraper.tasas_referenciales | === Inicio scraper Tasas Referenciales ===
2026-06-19 09:10:11 | INFO     | scraper.tasas_referenciales | Descargando HTML (intento 1/3): https://contenido.bce.fin.ec/documentos/Estadisticas/SectorMonFin/TasasInteres/Indice.htm
2026-06-19 09:10:12 | INFO     | scraper.tasas_referenciales | HTML descargado correctamente (48554 caracteres)
2026-06-19 09:10:12 | INFO     | scraper.tasas_referenciales | Se encontraron 2 tablas en la página.
2026-06-19 09:10:12 | INFO     | scraper.tasas_referenciales | Tabla clave-valor extraída: tabla_extraida_1_indice_0 (24 filas)
2026-06-19 09:10:12 | INFO     | scraper.tasas_referenciales | Tabla clave-valor extraída: tabla_extraida_2_indice_1 (28 filas)
2026-06-19 09:10:12 | INFO     | scraper.tasas_referenciales | Total de tablas clave-valor extraídas: 2
2026-06-19 09:10:12 | INFO     | scraper.tasas_referenciales | Periodo detectado: Junio 2026 -> 202606
2026-06-19 09:10:12 | INFO     | scraper.tasas_referenciales | Scraping completo -> máximas: 11 filas | otras: 10 filas
2026-06-19 09:10:12 | INFO     | scraper.tasas_referenciales | Tasas máximas referenciales: 11 filas
2026-06-19 09:10:12 | INFO     | scraper.tasas_referenciales | Otras tasas: 10 filas
2026-06-19 09:10:12 | INFO     | scraper.tasas_referenciales | EJECUTANDO: dbo.ISC_VIZ_MK_TASAS_MAXIMAS_REFERENCIALES -> periodo origen=202606 | periodo BD=202606
2026-06-19 09:10:12 | INFO     | scraper.tasas_referenciales | EJECUTANDO: No hay datos nuevos para dbo.ISC_VIZ_MK_TASAS_MAXIMAS_REFERENCIALES
2026-06-19 09:10:12 | INFO     | scraper.tasas_referenciales | EJECUTANDO: dbo.ISC_VIZ_OTRAS_TASAS_REFERENCIALES -> periodo origen=202606 | periodo BD=202606
2026-06-19 09:10:12 | INFO     | scraper.tasas_referenciales | EJECUTANDO: No hay datos nuevos para dbo.ISC_VIZ_OTRAS_TASAS_REFERENCIALES
2026-06-19 09:10:12 | INFO     | scraper.tasas_referenciales | No hubo periodo nuevo; no se cargó nada.
2026-06-19 09:10:12 | INFO     | scraper.tasas_referenciales | Resumen: sin errores no críticos.
2026-06-19 09:10:12 | INFO     | scraper.tasas_referenciales | === Fin scraper Tasas Referenciales ===
2026-06-19 13:03:57 | INFO     | scraper.tasas_referenciales | === Inicio scraper Tasas Referenciales ===
2026-06-19 13:03:57 | INFO     | scraper.tasas_referenciales | Descargando HTML (intento 1/3): https://contenido.bce.fin.ec/documentos/Estadisticas/SectorMonFin/TasasInteres/Indice.htm
2026-06-19 13:03:58 | INFO     | scraper.tasas_referenciales | HTML descargado correctamente (48554 caracteres)
2026-06-19 13:03:58 | INFO     | scraper.tasas_referenciales | Se encontraron 2 tablas en la página.
2026-06-19 13:03:58 | INFO     | scraper.tasas_referenciales | Tabla clave-valor extraída: tabla_extraida_1_indice_0 (24 filas)
2026-06-19 13:03:58 | INFO     | scraper.tasas_referenciales | Tabla clave-valor extraída: tabla_extraida_2_indice_1 (28 filas)
2026-06-19 13:03:58 | INFO     | scraper.tasas_referenciales | Total de tablas clave-valor extraídas: 2
2026-06-19 13:03:58 | INFO     | scraper.tasas_referenciales | Periodo detectado: Junio 2026 -> 202606
2026-06-19 13:03:58 | INFO     | scraper.tasas_referenciales | Scraping completo -> máximas: 11 filas | otras: 10 filas
2026-06-19 13:03:58 | INFO     | scraper.tasas_referenciales | Tasas máximas referenciales: 11 filas
2026-06-19 13:03:58 | INFO     | scraper.tasas_referenciales | Otras tasas: 10 filas
2026-06-19 13:03:59 | INFO     | scraper.tasas_referenciales | EJECUTANDO: dbo.ISC_VIZ_MK_TASAS_MAXIMAS_REFERENCIALES -> periodo origen=202606 | periodo BD=202606
2026-06-19 13:03:59 | INFO     | scraper.tasas_referenciales | EJECUTANDO: No hay datos nuevos para dbo.ISC_VIZ_MK_TASAS_MAXIMAS_REFERENCIALES
2026-06-19 13:03:59 | INFO     | scraper.tasas_referenciales | EJECUTANDO: dbo.ISC_VIZ_OTRAS_TASAS_REFERENCIALES -> periodo origen=202606 | periodo BD=202606
2026-06-19 13:03:59 | INFO     | scraper.tasas_referenciales | EJECUTANDO: No hay datos nuevos para dbo.ISC_VIZ_OTRAS_TASAS_REFERENCIALES
2026-06-19 13:03:59 | INFO     | scraper.tasas_referenciales | No hubo periodo nuevo; no se cargó nada.
2026-06-19 13:03:59 | INFO     | scraper.tasas_referenciales | RESUMEN: SIN ERRORES NO CRITICOS.
2026-06-19 13:11:09 | INFO     | scraper.tasas_referenciales | === Inicio scraper Tasas Referenciales ===
2026-06-19 13:11:09 | INFO     | scraper.tasas_referenciales | Descargando HTML (intento 1/3): rhttps://contenido.bce.fin.ec/documentos/Estadisticas/SectorMonFin/TasasInteres/Indice.htm
2026-06-19 13:11:09 | WARNING  | scraper.tasas_referenciales | Intento 1 falló: No connection adapters were found for 'rhttps://contenido.bce.fin.ec/documentos/Estadisticas/SectorMonFin/TasasInteres/Indice.htm'
2026-06-19 13:11:09 | INFO     | scraper.tasas_referenciales | Esperando 2s antes de reintentar...
2026-06-19 13:11:11 | INFO     | scraper.tasas_referenciales | Descargando HTML (intento 2/3): rhttps://contenido.bce.fin.ec/documentos/Estadisticas/SectorMonFin/TasasInteres/Indice.htm
2026-06-19 13:11:11 | WARNING  | scraper.tasas_referenciales | Intento 2 falló: No connection adapters were found for 'rhttps://contenido.bce.fin.ec/documentos/Estadisticas/SectorMonFin/TasasInteres/Indice.htm'
2026-06-19 13:11:11 | INFO     | scraper.tasas_referenciales | Esperando 4s antes de reintentar...
2026-06-19 13:11:15 | INFO     | scraper.tasas_referenciales | Descargando HTML (intento 3/3): rhttps://contenido.bce.fin.ec/documentos/Estadisticas/SectorMonFin/TasasInteres/Indice.htm
2026-06-19 13:11:15 | WARNING  | scraper.tasas_referenciales | Intento 3 falló: No connection adapters were found for 'rhttps://contenido.bce.fin.ec/documentos/Estadisticas/SectorMonFin/TasasInteres/Indice.htm'
2026-06-19 13:11:15 | ERROR    | scraper.tasas_referenciales | Se agotaron los reintentos para rhttps://contenido.bce.fin.ec/documentos/Estadisticas/SectorMonFin/TasasInteres/Indice.htm
2026-06-19 13:11:15 | ERROR    | scraper.tasas_referenciales | Error crítico en la ejecución del scraper
Traceback (most recent call last):
  File "C:\Users\cbenalcazar\Downloads\ScraperBCE-main\main.py", line 17, in main
    df_maximas, df_otras = ejecutar_scraping()
                           ~~~~~~~~~~~~~~~~~^^
  File "C:\Users\cbenalcazar\Downloads\ScraperBCE-main\src\scraper\tasas_referenciales.py", line 221, in ejecutar_scraping
    tablas = obtener_tablas()
  File "C:\Users\cbenalcazar\Downloads\ScraperBCE-main\src\scraper\tasas_referenciales.py", line 70, in obtener_tablas
    html = obtener_html(url)
  File "C:\Users\cbenalcazar\Downloads\ScraperBCE-main\src\scraper\http_client.py", line 66, in obtener_html
    raise ultimo_error  # type: ignore[misc]
    ^^^^^^^^^^^^^^^^^^
  File "C:\Users\cbenalcazar\Downloads\ScraperBCE-main\src\scraper\http_client.py", line 43, in obtener_html
    response = requests.get(
        url,
    ...<2 lines>...
        verify=VERIFY_SSL,
    )
  File "C:\Users\cbenalcazar\AppData\Roaming\Python\Python314\site-packages\requests\api.py", line 87, in get
    return request("get", url, params=params, **kwargs)
  File "C:\Users\cbenalcazar\AppData\Roaming\Python\Python314\site-packages\requests\api.py", line 71, in request
    return session.request(method=method, url=url, **kwargs)
           ~~~~~~~~~~~~~~~^^^^^^^^^^^^^^^^^^^^^^^^^^^^^^^^^^
  File "C:\Users\cbenalcazar\AppData\Roaming\Python\Python314\site-packages\requests\sessions.py", line 651, in request
    resp = self.send(prep, **send_kwargs)
  File "C:\Users\cbenalcazar\AppData\Roaming\Python\Python314\site-packages\requests\sessions.py", line 778, in send
    adapter = self.get_adapter(url=request.url)
  File "C:\Users\cbenalcazar\AppData\Roaming\Python\Python314\site-packages\requests\sessions.py", line 881, in get_adapter
    raise InvalidSchema(f"No connection adapters were found for {url!r}")
requests.exceptions.InvalidSchema: No connection adapters were found for 'rhttps://contenido.bce.fin.ec/documentos/Estadisticas/SectorMonFin/TasasInteres/Indice.htm'
2026-06-19 13:11:15 | WARNING  | scraper.tasas_referenciales | Error no crítico: No connection adapters were found for 'rhttps://contenido.bce.fin.ec/documentos/Estadisticas/SectorMonFin/TasasInteres/Indice.htm'
2026-06-19 13:11:15 | INFO     | scraper.tasas_referenciales | Intento de Envio de Notificaciones por correo
2026-06-19 13:11:19 | INFO     | scraper.tasas_referenciales | Notificación por correo enviada: ❌ Tasas Referenciales: error de ejecución
2026-06-19 13:11:19 | INFO     | scraper.tasas_referenciales | Intento de Envio de Notificaciones
2026-06-19 13:11:21 | INFO     | scraper.tasas_referenciales | Notificación Teams enviada: ❌ Tasas Referenciales: error de ejecución
2026-06-19 13:11:21 | WARNING  | scraper.tasas_referenciales | ============================================================
2026-06-19 13:11:21 | WARNING  | scraper.tasas_referenciales | RESUMEN DE ERRORES NO CRÍTICOS (1)
2026-06-19 13:11:21 | WARNING  | scraper.tasas_referenciales |   1. No connection adapters were found for 'rhttps://contenido.bce.fin.ec/documentos/Estadisticas/SectorMonFin/TasasInteres/Indice.htm'
2026-06-19 13:11:21 | WARNING  | scraper.tasas_referenciales | ============================================================
2026-06-19 13:11:44 | INFO     | scraper.tasas_referenciales | === Inicio scraper Tasas Referenciales ===
2026-06-19 13:11:44 | INFO     | scraper.tasas_referenciales | Descargando HTML (intento 1/3): rhttps://contenido.bce.fin.ec/documentos/Estadisticas/SectorMonFin/TasasInteres/Indice.htm
2026-06-19 13:11:44 | WARNING  | scraper.tasas_referenciales | Intento 1 falló: No connection adapters were found for 'rhttps://contenido.bce.fin.ec/documentos/Estadisticas/SectorMonFin/TasasInteres/Indice.htm'
2026-06-19 13:11:44 | INFO     | scraper.tasas_referenciales | Esperando 2s antes de reintentar...
2026-06-19 13:11:46 | INFO     | scraper.tasas_referenciales | Descargando HTML (intento 2/3): rhttps://contenido.bce.fin.ec/documentos/Estadisticas/SectorMonFin/TasasInteres/Indice.htm
2026-06-19 13:11:46 | WARNING  | scraper.tasas_referenciales | Intento 2 falló: No connection adapters were found for 'rhttps://contenido.bce.fin.ec/documentos/Estadisticas/SectorMonFin/TasasInteres/Indice.htm'
2026-06-19 13:11:46 | INFO     | scraper.tasas_referenciales | Esperando 4s antes de reintentar...
2026-06-19 13:11:50 | INFO     | scraper.tasas_referenciales | Descargando HTML (intento 3/3): rhttps://contenido.bce.fin.ec/documentos/Estadisticas/SectorMonFin/TasasInteres/Indice.htm
2026-06-19 13:11:50 | WARNING  | scraper.tasas_referenciales | Intento 3 falló: No connection adapters were found for 'rhttps://contenido.bce.fin.ec/documentos/Estadisticas/SectorMonFin/TasasInteres/Indice.htm'
2026-06-19 13:11:50 | ERROR    | scraper.tasas_referenciales | Se agotaron los reintentos para rhttps://contenido.bce.fin.ec/documentos/Estadisticas/SectorMonFin/TasasInteres/Indice.htm
2026-06-19 13:11:50 | ERROR    | scraper.tasas_referenciales | Error crítico en la ejecución del scraper
Traceback (most recent call last):
  File "C:\Users\cbenalcazar\Downloads\ScraperBCE-main\main.py", line 17, in main
    df_maximas, df_otras = ejecutar_scraping()
                           ~~~~~~~~~~~~~~~~~^^
  File "C:\Users\cbenalcazar\Downloads\ScraperBCE-main\src\scraper\tasas_referenciales.py", line 221, in ejecutar_scraping
    tablas = obtener_tablas()
  File "C:\Users\cbenalcazar\Downloads\ScraperBCE-main\src\scraper\tasas_referenciales.py", line 70, in obtener_tablas
    html = obtener_html(url)
  File "C:\Users\cbenalcazar\Downloads\ScraperBCE-main\src\scraper\http_client.py", line 66, in obtener_html
    raise ultimo_error  # type: ignore[misc]
    ^^^^^^^^^^^^^^^^^^
  File "C:\Users\cbenalcazar\Downloads\ScraperBCE-main\src\scraper\http_client.py", line 43, in obtener_html
    response = requests.get(
        url,
    ...<2 lines>...
        verify=VERIFY_SSL,
    )
  File "C:\Users\cbenalcazar\AppData\Roaming\Python\Python314\site-packages\requests\api.py", line 87, in get
    return request("get", url, params=params, **kwargs)
  File "C:\Users\cbenalcazar\AppData\Roaming\Python\Python314\site-packages\requests\api.py", line 71, in request
    return session.request(method=method, url=url, **kwargs)
           ~~~~~~~~~~~~~~~^^^^^^^^^^^^^^^^^^^^^^^^^^^^^^^^^^
  File "C:\Users\cbenalcazar\AppData\Roaming\Python\Python314\site-packages\requests\sessions.py", line 651, in request
    resp = self.send(prep, **send_kwargs)
  File "C:\Users\cbenalcazar\AppData\Roaming\Python\Python314\site-packages\requests\sessions.py", line 778, in send
    adapter = self.get_adapter(url=request.url)
  File "C:\Users\cbenalcazar\AppData\Roaming\Python\Python314\site-packages\requests\sessions.py", line 881, in get_adapter
    raise InvalidSchema(f"No connection adapters were found for {url!r}")
requests.exceptions.InvalidSchema: No connection adapters were found for 'rhttps://contenido.bce.fin.ec/documentos/Estadisticas/SectorMonFin/TasasInteres/Indice.htm'
2026-06-19 13:11:50 | WARNING  | scraper.tasas_referenciales | Error no crítico: No connection adapters were found for 'rhttps://contenido.bce.fin.ec/documentos/Estadisticas/SectorMonFin/TasasInteres/Indice.htm'
2026-06-19 13:11:50 | INFO     | scraper.tasas_referenciales | Intento de Envio de Notificaciones por correo
2026-06-19 13:11:54 | INFO     | scraper.tasas_referenciales | Notificación por correo enviada: ❌ Tasas Referenciales: error de ejecución
2026-06-19 13:11:54 | INFO     | scraper.tasas_referenciales | Intento de Envio de Notificaciones
2026-06-19 13:11:55 | INFO     | scraper.tasas_referenciales | Notificación Teams enviada: ❌ Tasas Referenciales: error de ejecución
2026-06-19 13:11:55 | WARNING  | scraper.tasas_referenciales | ============================================================
2026-06-19 13:11:55 | WARNING  | scraper.tasas_referenciales | RESUMEN DE ERRORES NO CRÍTICOS (1)
2026-06-19 13:11:55 | WARNING  | scraper.tasas_referenciales |   1. No connection adapters were found for 'rhttps://contenido.bce.fin.ec/documentos/Estadisticas/SectorMonFin/TasasInteres/Indice.htm'
2026-06-19 13:11:55 | WARNING  | scraper.tasas_referenciales | ============================================================
2026-06-19 13:12:33 | INFO     | scraper.tasas_referenciales | === Inicio scraper Tasas Referenciales ===
2026-06-19 13:12:33 | INFO     | scraper.tasas_referenciales | Descargando HTML (intento 1/3): rhttps://contenido.bce.fin.ec/documentos/Estadisticas/SectorMonFin/TasasInteres/Indice.htm
2026-06-19 13:12:33 | WARNING  | scraper.tasas_referenciales | Intento 1 falló: No connection adapters were found for 'rhttps://contenido.bce.fin.ec/documentos/Estadisticas/SectorMonFin/TasasInteres/Indice.htm'
2026-06-19 13:12:33 | INFO     | scraper.tasas_referenciales | Esperando 2s antes de reintentar...
2026-06-19 13:12:35 | INFO     | scraper.tasas_referenciales | Descargando HTML (intento 2/3): rhttps://contenido.bce.fin.ec/documentos/Estadisticas/SectorMonFin/TasasInteres/Indice.htm
2026-06-19 13:12:35 | WARNING  | scraper.tasas_referenciales | Intento 2 falló: No connection adapters were found for 'rhttps://contenido.bce.fin.ec/documentos/Estadisticas/SectorMonFin/TasasInteres/Indice.htm'
2026-06-19 13:12:35 | INFO     | scraper.tasas_referenciales | Esperando 4s antes de reintentar...
2026-06-19 13:12:39 | INFO     | scraper.tasas_referenciales | Descargando HTML (intento 3/3): rhttps://contenido.bce.fin.ec/documentos/Estadisticas/SectorMonFin/TasasInteres/Indice.htm
2026-06-19 13:12:39 | WARNING  | scraper.tasas_referenciales | Intento 3 falló: No connection adapters were found for 'rhttps://contenido.bce.fin.ec/documentos/Estadisticas/SectorMonFin/TasasInteres/Indice.htm'
2026-06-19 13:12:39 | ERROR    | scraper.tasas_referenciales | Se agotaron los reintentos para rhttps://contenido.bce.fin.ec/documentos/Estadisticas/SectorMonFin/TasasInteres/Indice.htm
2026-06-19 13:12:39 | ERROR    | scraper.tasas_referenciales | Error crítico en la ejecución del scraper
Traceback (most recent call last):
  File "C:\Users\cbenalcazar\Downloads\ScraperBCE-main\main.py", line 17, in main
    df_maximas, df_otras = ejecutar_scraping()
                           ~~~~~~~~~~~~~~~~~^^
  File "C:\Users\cbenalcazar\Downloads\ScraperBCE-main\src\scraper\tasas_referenciales.py", line 221, in ejecutar_scraping
    tablas = obtener_tablas()
  File "C:\Users\cbenalcazar\Downloads\ScraperBCE-main\src\scraper\tasas_referenciales.py", line 70, in obtener_tablas
    html = obtener_html(url)
  File "C:\Users\cbenalcazar\Downloads\ScraperBCE-main\src\scraper\http_client.py", line 66, in obtener_html
    raise ultimo_error  # type: ignore[misc]
    ^^^^^^^^^^^^^^^^^^
  File "C:\Users\cbenalcazar\Downloads\ScraperBCE-main\src\scraper\http_client.py", line 43, in obtener_html
    response = requests.get(
        url,
    ...<2 lines>...
        verify=VERIFY_SSL,
    )
  File "C:\Users\cbenalcazar\AppData\Roaming\Python\Python314\site-packages\requests\api.py", line 87, in get
    return request("get", url, params=params, **kwargs)
  File "C:\Users\cbenalcazar\AppData\Roaming\Python\Python314\site-packages\requests\api.py", line 71, in request
    return session.request(method=method, url=url, **kwargs)
           ~~~~~~~~~~~~~~~^^^^^^^^^^^^^^^^^^^^^^^^^^^^^^^^^^
  File "C:\Users\cbenalcazar\AppData\Roaming\Python\Python314\site-packages\requests\sessions.py", line 651, in request
    resp = self.send(prep, **send_kwargs)
  File "C:\Users\cbenalcazar\AppData\Roaming\Python\Python314\site-packages\requests\sessions.py", line 778, in send
    adapter = self.get_adapter(url=request.url)
  File "C:\Users\cbenalcazar\AppData\Roaming\Python\Python314\site-packages\requests\sessions.py", line 881, in get_adapter
    raise InvalidSchema(f"No connection adapters were found for {url!r}")
requests.exceptions.InvalidSchema: No connection adapters were found for 'rhttps://contenido.bce.fin.ec/documentos/Estadisticas/SectorMonFin/TasasInteres/Indice.htm'
2026-06-19 13:12:39 | WARNING  | scraper.tasas_referenciales | Error no crítico: No connection adapters were found for 'rhttps://contenido.bce.fin.ec/documentos/Estadisticas/SectorMonFin/TasasInteres/Indice.htm'
2026-06-19 13:12:39 | INFO     | scraper.tasas_referenciales | Intento de Envio de Notificaciones por correo
2026-06-19 13:12:42 | INFO     | scraper.tasas_referenciales | Notificación por correo enviada: ❌ Tasas Referenciales: error de ejecución
2026-06-19 13:12:42 | INFO     | scraper.tasas_referenciales | Intento de Envio de Notificaciones
2026-06-19 13:12:43 | INFO     | scraper.tasas_referenciales | Notificación Teams enviada: ❌ Tasas Referenciales: error de ejecución
2026-06-19 13:12:43 | WARNING  | scraper.tasas_referenciales | ============================================================
2026-06-19 13:12:43 | WARNING  | scraper.tasas_referenciales | RESUMEN DE ERRORES NO CRÍTICOS (1)
2026-06-19 13:12:43 | WARNING  | scraper.tasas_referenciales |   1. No connection adapters were found for 'rhttps://contenido.bce.fin.ec/documentos/Estadisticas/SectorMonFin/TasasInteres/Indice.htm'
2026-06-19 13:12:43 | WARNING  | scraper.tasas_referenciales | ============================================================
2026-06-19 13:31:17 | INFO     | scraper.tasas_referenciales | === Inicio scraper Tasas Referenciales ===
2026-06-19 13:31:17 | INFO     | scraper.tasas_referenciales | Descargando HTML (intento 1/3): rhttps://contenido.bce.fin.ec/documentos/Estadisticas/SectorMonFin/TasasInteres/Indice.htm
2026-06-19 13:31:17 | WARNING  | scraper.tasas_referenciales | Intento 1 falló: No connection adapters were found for 'rhttps://contenido.bce.fin.ec/documentos/Estadisticas/SectorMonFin/TasasInteres/Indice.htm'
2026-06-19 13:31:17 | INFO     | scraper.tasas_referenciales | Esperando 2s antes de reintentar...
2026-06-19 13:31:19 | INFO     | scraper.tasas_referenciales | Descargando HTML (intento 2/3): rhttps://contenido.bce.fin.ec/documentos/Estadisticas/SectorMonFin/TasasInteres/Indice.htm
2026-06-19 13:31:19 | WARNING  | scraper.tasas_referenciales | Intento 2 falló: No connection adapters were found for 'rhttps://contenido.bce.fin.ec/documentos/Estadisticas/SectorMonFin/TasasInteres/Indice.htm'
2026-06-19 13:31:19 | INFO     | scraper.tasas_referenciales | Esperando 4s antes de reintentar...
2026-06-19 13:31:23 | INFO     | scraper.tasas_referenciales | Descargando HTML (intento 3/3): rhttps://contenido.bce.fin.ec/documentos/Estadisticas/SectorMonFin/TasasInteres/Indice.htm
2026-06-19 13:31:23 | WARNING  | scraper.tasas_referenciales | Intento 3 falló: No connection adapters were found for 'rhttps://contenido.bce.fin.ec/documentos/Estadisticas/SectorMonFin/TasasInteres/Indice.htm'
2026-06-19 13:31:23 | ERROR    | scraper.tasas_referenciales | Se agotaron los reintentos para rhttps://contenido.bce.fin.ec/documentos/Estadisticas/SectorMonFin/TasasInteres/Indice.htm
2026-06-19 13:31:23 | ERROR    | scraper.tasas_referenciales | Error crítico en la ejecución del scraper
Traceback (most recent call last):
  File "C:\Users\cbenalcazar\Downloads\ScraperBCE-main\main.py", line 17, in main
    df_maximas, df_otras = ejecutar_scraping()
                           ~~~~~~~~~~~~~~~~~^^
  File "C:\Users\cbenalcazar\Downloads\ScraperBCE-main\src\scraper\tasas_referenciales.py", line 221, in ejecutar_scraping
    tablas = obtener_tablas()
  File "C:\Users\cbenalcazar\Downloads\ScraperBCE-main\src\scraper\tasas_referenciales.py", line 70, in obtener_tablas
    html = obtener_html(url)
  File "C:\Users\cbenalcazar\Downloads\ScraperBCE-main\src\scraper\http_client.py", line 66, in obtener_html
    raise ultimo_error  # type: ignore[misc]
    ^^^^^^^^^^^^^^^^^^
  File "C:\Users\cbenalcazar\Downloads\ScraperBCE-main\src\scraper\http_client.py", line 43, in obtener_html
    response = requests.get(
        url,
    ...<2 lines>...
        verify=VERIFY_SSL,
    )
  File "C:\Users\cbenalcazar\AppData\Roaming\Python\Python314\site-packages\requests\api.py", line 87, in get
    return request("get", url, params=params, **kwargs)
  File "C:\Users\cbenalcazar\AppData\Roaming\Python\Python314\site-packages\requests\api.py", line 71, in request
    return session.request(method=method, url=url, **kwargs)
           ~~~~~~~~~~~~~~~^^^^^^^^^^^^^^^^^^^^^^^^^^^^^^^^^^
  File "C:\Users\cbenalcazar\AppData\Roaming\Python\Python314\site-packages\requests\sessions.py", line 651, in request
    resp = self.send(prep, **send_kwargs)
  File "C:\Users\cbenalcazar\AppData\Roaming\Python\Python314\site-packages\requests\sessions.py", line 778, in send
    adapter = self.get_adapter(url=request.url)
  File "C:\Users\cbenalcazar\AppData\Roaming\Python\Python314\site-packages\requests\sessions.py", line 881, in get_adapter
    raise InvalidSchema(f"No connection adapters were found for {url!r}")
requests.exceptions.InvalidSchema: No connection adapters were found for 'rhttps://contenido.bce.fin.ec/documentos/Estadisticas/SectorMonFin/TasasInteres/Indice.htm'
2026-06-19 13:31:23 | WARNING  | scraper.tasas_referenciales | Error no crítico: No connection adapters were found for 'rhttps://contenido.bce.fin.ec/documentos/Estadisticas/SectorMonFin/TasasInteres/Indice.htm'
2026-06-19 13:31:23 | INFO     | scraper.tasas_referenciales | Intento de Envio de Notificaciones por correo
2026-06-19 13:31:27 | INFO     | scraper.tasas_referenciales | Notificación por correo enviada: ❌ Tasas Referenciales: error de ejecución
2026-06-19 13:31:33 | INFO     | scraper.tasas_referenciales | Intento de Envio de Notificaciones
2026-06-19 13:31:36 | INFO     | scraper.tasas_referenciales | Notificación Teams enviada: ❌ Tasas Referenciales: error de ejecución
2026-06-19 13:31:36 | WARNING  | scraper.tasas_referenciales | ============================================================
2026-06-19 13:31:36 | WARNING  | scraper.tasas_referenciales | RESUMEN: TIENE ERRORES (1): 1. No connection adapters were found for 'rhttps://contenido.bce.fin.ec/documentos/Estadisticas/SectorMonFin/TasasInteres/Indice.htm'
2026-06-19 13:32:03 | INFO     | scraper.tasas_referenciales | === Inicio scraper Tasas Referenciales ===
2026-06-19 13:32:03 | INFO     | scraper.tasas_referenciales | Descargando HTML (intento 1/3): https://contenido.bce.fin.ec/documentos/Estadisticas/SectorMonFin/TasasInteres/Indice.htm
2026-06-19 13:32:04 | INFO     | scraper.tasas_referenciales | HTML descargado correctamente (48554 caracteres)
2026-06-19 13:32:04 | INFO     | scraper.tasas_referenciales | Se encontraron 2 tablas en la página.
2026-06-19 13:32:04 | INFO     | scraper.tasas_referenciales | Tabla clave-valor extraída: tabla_extraida_1_indice_0 (24 filas)
2026-06-19 13:32:04 | INFO     | scraper.tasas_referenciales | Tabla clave-valor extraída: tabla_extraida_2_indice_1 (28 filas)
2026-06-19 13:32:04 | INFO     | scraper.tasas_referenciales | Total de tablas clave-valor extraídas: 2
2026-06-19 13:32:04 | INFO     | scraper.tasas_referenciales | Periodo detectado: Junio 2026 -> 202606
2026-06-19 13:32:04 | INFO     | scraper.tasas_referenciales | Scraping completo -> máximas: 11 filas | otras: 10 filas
2026-06-19 13:32:04 | INFO     | scraper.tasas_referenciales | Tasas máximas referenciales: 11 filas
2026-06-19 13:32:04 | INFO     | scraper.tasas_referenciales | Otras tasas: 10 filas
2026-06-19 13:32:05 | INFO     | scraper.tasas_referenciales | EJECUTANDO: dbo.ISC_VIZ_MK_TASAS_MAXIMAS_REFERENCIALES -> periodo origen=202606 | periodo BD=202606
2026-06-19 13:32:05 | INFO     | scraper.tasas_referenciales | EJECUTANDO: No hay datos nuevos para dbo.ISC_VIZ_MK_TASAS_MAXIMAS_REFERENCIALES
2026-06-19 13:32:05 | INFO     | scraper.tasas_referenciales | EJECUTANDO: dbo.ISC_VIZ_OTRAS_TASAS_REFERENCIALES -> periodo origen=202606 | periodo BD=202606
2026-06-19 13:32:05 | INFO     | scraper.tasas_referenciales | EJECUTANDO: No hay datos nuevos para dbo.ISC_VIZ_OTRAS_TASAS_REFERENCIALES
2026-06-19 13:32:05 | INFO     | scraper.tasas_referenciales | No hubo periodo nuevo; no se cargó nada.
2026-06-19 13:32:05 | INFO     | scraper.tasas_referenciales | RESUMEN: SIN ERRORES
2026-06-19 13:41:03 | INFO     | scraper.tasas_referenciales | === Inicio scraper Tasas Referenciales ===
2026-06-19 13:41:03 | INFO     | scraper.tasas_referenciales | Descargando HTML (intento 1/3): https://contenido.bce.fin.ec/documentos/Estadisticas/SectorMonFin/TasasInteres/Indice.htm
2026-06-19 13:41:03 | INFO     | scraper.tasas_referenciales | HTML descargado correctamente (48554 caracteres)
2026-06-19 13:41:03 | INFO     | scraper.tasas_referenciales | Se encontraron 2 tablas en la página.
2026-06-19 13:41:03 | INFO     | scraper.tasas_referenciales | Tabla clave-valor extraída: tabla_extraida_1_indice_0 (24 filas)
2026-06-19 13:41:03 | INFO     | scraper.tasas_referenciales | Tabla clave-valor extraída: tabla_extraida_2_indice_1 (28 filas)
2026-06-19 13:41:03 | INFO     | scraper.tasas_referenciales | Total de tablas clave-valor extraídas: 2
2026-06-19 13:41:03 | INFO     | scraper.tasas_referenciales | Periodo detectado: Junio 2026 -> 202606
2026-06-19 13:41:03 | INFO     | scraper.tasas_referenciales | Scraping completo -> máximas: 11 filas | otras: 10 filas
2026-06-19 13:41:03 | INFO     | scraper.tasas_referenciales | Tasas máximas referenciales: 11 filas
2026-06-19 13:41:03 | INFO     | scraper.tasas_referenciales | Otras tasas: 10 filas
2026-06-19 13:41:04 | INFO     | scraper.tasas_referenciales | EJECUTANDO: Tabla dbo.ISC_VIZ_MK_TASAS_MAXIMAS_REFERENCIALES vacía; usando periodo base.
2026-06-19 13:41:04 | INFO     | scraper.tasas_referenciales | EJECUTANDO: dbo.ISC_VIZ_MK_TASAS_MAXIMAS_REFERENCIALES -> periodo origen=202606 | periodo BD=199101
2026-06-19 13:41:04 | INFO     | scraper.tasas_referenciales | EJECUTANDO: Autocalculando DDL para [ISC_VIZ_MK_TASAS_MAXIMAS_REFERENCIALES] desde el DataFrame
2026-06-19 13:41:04 | INFO     | scraper.tasas_referenciales | EJECUTANDO ACCIÓN: DDL:
CREATE TABLE [dbo].[ISC_VIZ_MK_TASAS_MAXIMAS_REFERENCIALES] (
    [SEGMENTO_CREDITO] VARCHAR(53) NULL,
    [TASA_EFECTIVA_MAXIMA] DECIMAL(10,2) NULL,
    [TASA_REFERENCIAL] DECIMAL(10,2) NULL,
    [PERIODO] INT NULL
);
2026-06-19 13:41:04 | INFO     | scraper.tasas_referenciales | EJECUTANDO: Tabla [ISC_VIZ_MK_TASAS_MAXIMAS_REFERENCIALES] lista. Insertando 11 registros.
2026-06-19 13:41:04 | INFO     | scraper.tasas_referenciales | EJECUTANDO: Conectando via PYODBC para insertar en chunks en la tabla destino: ISC_VIZ_MK_TASAS_MAXIMAS_REFERENCIALES
2026-06-19 13:41:04 | INFO     | scraper.tasas_referenciales | EJECUTANDO ACCIÓN: Insertando 11 registros en [ISC_VIZ_MK_TASAS_MAXIMAS_REFERENCIALES] (chunks de 10000)
2026-06-19 13:41:04 | INFO     | scraper.tasas_referenciales | Carga finalizada: 11 registros insertados en [ISC_VIZ_MK_TASAS_MAXIMAS_REFERENCIALES]
2026-06-19 13:41:04 | INFO     | scraper.tasas_referenciales | EJECUTANDO: Tabla dbo.ISC_VIZ_OTRAS_TASAS_REFERENCIALES vacía; usando periodo base.
2026-06-19 13:41:04 | INFO     | scraper.tasas_referenciales | EJECUTANDO: dbo.ISC_VIZ_OTRAS_TASAS_REFERENCIALES -> periodo origen=202606 | periodo BD=199101
2026-06-19 13:41:04 | INFO     | scraper.tasas_referenciales | EJECUTANDO: Autocalculando DDL para [ISC_VIZ_OTRAS_TASAS_REFERENCIALES] desde el DataFrame
2026-06-19 13:41:04 | INFO     | scraper.tasas_referenciales | EJECUTANDO ACCIÓN: DDL:
CREATE TABLE [dbo].[ISC_VIZ_OTRAS_TASAS_REFERENCIALES] (
    [TASAS_REFERENCIALES] VARCHAR(38) NULL,
    [TASA_PORCENTUAL] DECIMAL(10,2) NULL,
    [CATEGORIA] VARCHAR(28) NULL,
    [PERIODO] INT NULL
);
2026-06-19 13:41:04 | INFO     | scraper.tasas_referenciales | EJECUTANDO: Tabla [ISC_VIZ_OTRAS_TASAS_REFERENCIALES] lista. Insertando 10 registros.
2026-06-19 13:41:04 | INFO     | scraper.tasas_referenciales | EJECUTANDO: Conectando via PYODBC para insertar en chunks en la tabla destino: ISC_VIZ_OTRAS_TASAS_REFERENCIALES
2026-06-19 13:41:04 | INFO     | scraper.tasas_referenciales | EJECUTANDO ACCIÓN: Insertando 10 registros en [ISC_VIZ_OTRAS_TASAS_REFERENCIALES] (chunks de 10000)
2026-06-19 13:41:04 | INFO     | scraper.tasas_referenciales | Carga finalizada: 10 registros insertados en [ISC_VIZ_OTRAS_TASAS_REFERENCIALES]
2026-06-19 13:41:04 | INFO     | scraper.tasas_referenciales | Carga completada. Enviando notificación de éxito.
2026-06-19 13:41:04 | INFO     | scraper.tasas_referenciales | Intento de Envio de Notificaciones por correo
2026-06-19 13:41:08 | INFO     | scraper.tasas_referenciales | Notificación por correo enviada: ✅ Tasas Referenciales actualizadas
2026-06-19 13:41:08 | INFO     | scraper.tasas_referenciales | Intento de Envio de Notificaciones
2026-06-19 13:41:10 | INFO     | scraper.tasas_referenciales | Notificación Teams enviada: ✅ Tasas Referenciales actualizadas
2026-06-19 13:41:10 | INFO     | scraper.tasas_referenciales | RESUMEN: SIN ERRORES
2026-06-19 14:00:52 | INFO     | scraper.tasas_referenciales | === Inicio scraper Tasas Referenciales ===
2026-06-19 14:00:52 | INFO     | scraper.tasas_referenciales | Descargando HTML (intento 1/3): https://contenido.bce.fin.ec/documentos/Estadisticas/SectorMonFin/TasasInteres/Indice.htm
2026-06-19 14:00:53 | INFO     | scraper.tasas_referenciales | HTML descargado correctamente (48554 caracteres)
2026-06-19 14:00:53 | INFO     | scraper.tasas_referenciales | Se encontraron 2 tablas en la página.
2026-06-19 14:00:53 | INFO     | scraper.tasas_referenciales | Tabla clave-valor extraída: tabla_extraida_1_indice_0 (24 filas)
2026-06-19 14:00:53 | INFO     | scraper.tasas_referenciales | Tabla clave-valor extraída: tabla_extraida_2_indice_1 (28 filas)
2026-06-19 14:00:53 | INFO     | scraper.tasas_referenciales | Total de tablas clave-valor extraídas: 2
2026-06-19 14:00:53 | INFO     | scraper.tasas_referenciales | Periodo detectado: Junio 2026 -> 202606
2026-06-19 14:00:53 | INFO     | scraper.tasas_referenciales | Scraping completo -> máximas: 11 filas | otras: 10 filas
2026-06-19 14:00:53 | INFO     | scraper.tasas_referenciales | Tasas máximas referenciales: 11 filas
2026-06-19 14:00:53 | INFO     | scraper.tasas_referenciales | Otras tasas: 10 filas
2026-06-19 14:00:54 | INFO     | scraper.tasas_referenciales | EJECUTANDO: dbo.ISC_VIZ_MK_TASAS_MAXIMAS_REFERENCIALES -> periodo origen=202606 | periodo BD=202606
2026-06-19 14:00:54 | INFO     | scraper.tasas_referenciales | EJECUTANDO: No hay datos nuevos para dbo.ISC_VIZ_MK_TASAS_MAXIMAS_REFERENCIALES
2026-06-19 14:00:54 | INFO     | scraper.tasas_referenciales | EJECUTANDO: dbo.ISC_VIZ_OTRAS_TASAS_REFERENCIALES -> periodo origen=202606 | periodo BD=202606
2026-06-19 14:00:54 | INFO     | scraper.tasas_referenciales | EJECUTANDO: No hay datos nuevos para dbo.ISC_VIZ_OTRAS_TASAS_REFERENCIALES
2026-06-19 14:00:54 | INFO     | scraper.tasas_referenciales | No hubo periodo nuevo; no se cargó nada.
2026-06-19 14:00:54 | INFO     | scraper.tasas_referenciales | RESUMEN: SIN ERRORES
2026-06-19 14:00:54 | INFO     | scraper.tasas_referenciales | [RESUMEN] | OK | NINGUNA | procesados=0 cargados=0 descartados=0 | 00:00:02
2026-06-19 14:01:10 | INFO     | scraper.tasas_referenciales | === Inicio scraper Tasas Referenciales ===
2026-06-19 14:01:10 | INFO     | scraper.tasas_referenciales | Descargando HTML (intento 1/3): https://contenido.bce.fin.ec/documentos/Estadisticas/SectorMonFin/TasasInteres/Indice.htm
2026-06-19 14:01:10 | INFO     | scraper.tasas_referenciales | HTML descargado correctamente (48554 caracteres)
2026-06-19 14:01:10 | INFO     | scraper.tasas_referenciales | Se encontraron 2 tablas en la página.
2026-06-19 14:01:10 | INFO     | scraper.tasas_referenciales | Tabla clave-valor extraída: tabla_extraida_1_indice_0 (24 filas)
2026-06-19 14:01:10 | INFO     | scraper.tasas_referenciales | Tabla clave-valor extraída: tabla_extraida_2_indice_1 (28 filas)
2026-06-19 14:01:10 | INFO     | scraper.tasas_referenciales | Total de tablas clave-valor extraídas: 2
2026-06-19 14:01:10 | INFO     | scraper.tasas_referenciales | Periodo detectado: Junio 2026 -> 202606
2026-06-19 14:01:10 | INFO     | scraper.tasas_referenciales | Scraping completo -> máximas: 11 filas | otras: 10 filas
2026-06-19 14:01:10 | INFO     | scraper.tasas_referenciales | Tasas máximas referenciales: 11 filas
2026-06-19 14:01:10 | INFO     | scraper.tasas_referenciales | Otras tasas: 10 filas
2026-06-19 14:01:11 | INFO     | scraper.tasas_referenciales | EJECUTANDO: Tabla dbo.ISC_VIZ_MK_TASAS_MAXIMAS_REFERENCIALES vacía; usando periodo base.
2026-06-19 14:01:11 | INFO     | scraper.tasas_referenciales | EJECUTANDO: dbo.ISC_VIZ_MK_TASAS_MAXIMAS_REFERENCIALES -> periodo origen=202606 | periodo BD=199101
2026-06-19 14:01:11 | INFO     | scraper.tasas_referenciales | EJECUTANDO: Autocalculando DDL para [ISC_VIZ_MK_TASAS_MAXIMAS_REFERENCIALES] desde el DataFrame
2026-06-19 14:01:11 | INFO     | scraper.tasas_referenciales | EJECUTANDO ACCIÓN: DDL:
CREATE TABLE [dbo].[ISC_VIZ_MK_TASAS_MAXIMAS_REFERENCIALES] (
    [SEGMENTO_CREDITO] VARCHAR(53) NULL,
    [TASA_EFECTIVA_MAXIMA] DECIMAL(10,2) NULL,
    [TASA_REFERENCIAL] DECIMAL(10,2) NULL,
    [PERIODO] INT NULL
);
2026-06-19 14:01:11 | INFO     | scraper.tasas_referenciales | EJECUTANDO: Tabla [ISC_VIZ_MK_TASAS_MAXIMAS_REFERENCIALES] lista. Insertando 11 registros.
2026-06-19 14:01:11 | INFO     | scraper.tasas_referenciales | EJECUTANDO: Conectando via PYODBC para insertar en chunks en la tabla destino: ISC_VIZ_MK_TASAS_MAXIMAS_REFERENCIALES
2026-06-19 14:01:11 | INFO     | scraper.tasas_referenciales | EJECUTANDO ACCIÓN: Insertando 11 registros en [ISC_VIZ_MK_TASAS_MAXIMAS_REFERENCIALES] (chunks de 10000)
2026-06-19 14:01:11 | INFO     | scraper.tasas_referenciales | Carga finalizada: 11 registros insertados en [ISC_VIZ_MK_TASAS_MAXIMAS_REFERENCIALES]
2026-06-19 14:01:11 | INFO     | scraper.tasas_referenciales | EJECUTANDO: Tabla dbo.ISC_VIZ_OTRAS_TASAS_REFERENCIALES vacía; usando periodo base.
2026-06-19 14:01:11 | INFO     | scraper.tasas_referenciales | EJECUTANDO: dbo.ISC_VIZ_OTRAS_TASAS_REFERENCIALES -> periodo origen=202606 | periodo BD=199101
2026-06-19 14:01:11 | INFO     | scraper.tasas_referenciales | EJECUTANDO: Autocalculando DDL para [ISC_VIZ_OTRAS_TASAS_REFERENCIALES] desde el DataFrame
2026-06-19 14:01:11 | INFO     | scraper.tasas_referenciales | EJECUTANDO ACCIÓN: DDL:
CREATE TABLE [dbo].[ISC_VIZ_OTRAS_TASAS_REFERENCIALES] (
    [TASAS_REFERENCIALES] VARCHAR(38) NULL,
    [TASA_PORCENTUAL] DECIMAL(10,2) NULL,
    [CATEGORIA] VARCHAR(28) NULL,
    [PERIODO] INT NULL
);
2026-06-19 14:01:11 | INFO     | scraper.tasas_referenciales | EJECUTANDO: Tabla [ISC_VIZ_OTRAS_TASAS_REFERENCIALES] lista. Insertando 10 registros.
2026-06-19 14:01:11 | INFO     | scraper.tasas_referenciales | EJECUTANDO: Conectando via PYODBC para insertar en chunks en la tabla destino: ISC_VIZ_OTRAS_TASAS_REFERENCIALES
2026-06-19 14:01:11 | INFO     | scraper.tasas_referenciales | EJECUTANDO ACCIÓN: Insertando 10 registros en [ISC_VIZ_OTRAS_TASAS_REFERENCIALES] (chunks de 10000)
2026-06-19 14:01:11 | INFO     | scraper.tasas_referenciales | Carga finalizada: 10 registros insertados en [ISC_VIZ_OTRAS_TASAS_REFERENCIALES]
2026-06-19 14:01:11 | INFO     | scraper.tasas_referenciales | Carga completada. Enviando notificación de éxito.
2026-06-19 14:01:11 | INFO     | scraper.tasas_referenciales | Intento de Envio de Notificaciones por correo
2026-06-19 14:01:15 | INFO     | scraper.tasas_referenciales | Notificación por correo enviada: ✅ Tasas Referenciales actualizadas
2026-06-19 14:01:15 | INFO     | scraper.tasas_referenciales | Intento de Envio de Notificaciones
2026-06-19 14:01:17 | INFO     | scraper.tasas_referenciales | Notificación Teams enviada: ✅ Tasas Referenciales actualizadas
2026-06-19 14:01:17 | INFO     | scraper.tasas_referenciales | RESUMEN: SIN ERRORES
2026-06-19 14:01:17 | INFO     | scraper.tasas_referenciales | [RESUMEN] | OK | NINGUNA | procesados=0 cargados=0 descartados=0 | 00:00:07
2026-06-19 14:01:53 | INFO     | scraper.tasas_referenciales | === Inicio scraper Tasas Referenciales ===
2026-06-19 14:01:53 | INFO     | scraper.tasas_referenciales | Descargando HTML (intento 1/3): https://contenido.bce.fin.ec/documentos/Estadisticas/SectorMonFin/TasasInteres/Indice.htm
2026-06-19 14:01:53 | INFO     | scraper.tasas_referenciales | HTML descargado correctamente (48554 caracteres)
2026-06-19 14:01:53 | INFO     | scraper.tasas_referenciales | Se encontraron 2 tablas en la página.
2026-06-19 14:01:53 | INFO     | scraper.tasas_referenciales | Tabla clave-valor extraída: tabla_extraida_1_indice_0 (24 filas)
2026-06-19 14:01:53 | INFO     | scraper.tasas_referenciales | Tabla clave-valor extraída: tabla_extraida_2_indice_1 (28 filas)
2026-06-19 14:01:53 | INFO     | scraper.tasas_referenciales | Total de tablas clave-valor extraídas: 2
2026-06-19 14:01:53 | INFO     | scraper.tasas_referenciales | Periodo detectado: Junio 2026 -> 202606
2026-06-19 14:01:53 | INFO     | scraper.tasas_referenciales | Scraping completo -> máximas: 11 filas | otras: 10 filas
2026-06-19 14:01:53 | INFO     | scraper.tasas_referenciales | Tasas máximas referenciales: 11 filas
2026-06-19 14:01:53 | INFO     | scraper.tasas_referenciales | Otras tasas: 10 filas
2026-06-19 14:01:54 | INFO     | scraper.tasas_referenciales | EJECUTANDO: dbo.ISC_VIZ_MK_TASAS_MAXIMAS_REFERENCIALES -> periodo origen=202606 | periodo BD=202606
2026-06-19 14:01:54 | INFO     | scraper.tasas_referenciales | EJECUTANDO: No hay datos nuevos para dbo.ISC_VIZ_MK_TASAS_MAXIMAS_REFERENCIALES
2026-06-19 14:01:54 | INFO     | scraper.tasas_referenciales | EJECUTANDO: dbo.ISC_VIZ_OTRAS_TASAS_REFERENCIALES -> periodo origen=202606 | periodo BD=202606
2026-06-19 14:01:54 | INFO     | scraper.tasas_referenciales | EJECUTANDO: No hay datos nuevos para dbo.ISC_VIZ_OTRAS_TASAS_REFERENCIALES
2026-06-19 14:01:54 | INFO     | scraper.tasas_referenciales | No hubo periodo nuevo; no se cargó nada.
2026-06-19 14:01:54 | INFO     | scraper.tasas_referenciales | RESUMEN: SIN ERRORES
2026-06-19 14:01:54 | INFO     | scraper.tasas_referenciales | [RESUMEN] | OK | NINGUNA | procesados=0 cargados=0 descartados=0 | 00:00:01
2026-06-19 14:04:36 | INFO     | scraper.tasas_referenciales | === Inicio scraper Tasas Referenciales ===
2026-06-19 14:04:36 | INFO     | scraper.tasas_referenciales | Descargando HTML (intento 1/3): https://contenido.bce.fin.ec/documentos/Estadisticas/SectorMonFin/TasasInteres/Indice.htm
2026-06-19 14:04:37 | INFO     | scraper.tasas_referenciales | HTML descargado correctamente (48554 caracteres)
2026-06-19 14:04:37 | INFO     | scraper.tasas_referenciales | Se encontraron 2 tablas en la página.
2026-06-19 14:04:37 | INFO     | scraper.tasas_referenciales | Tabla clave-valor extraída: tabla_extraida_1_indice_0 (24 filas)
2026-06-19 14:04:37 | INFO     | scraper.tasas_referenciales | Tabla clave-valor extraída: tabla_extraida_2_indice_1 (28 filas)
2026-06-19 14:04:37 | INFO     | scraper.tasas_referenciales | Total de tablas clave-valor extraídas: 2
2026-06-19 14:04:37 | INFO     | scraper.tasas_referenciales | Periodo detectado: Junio 2026 -> 202606
2026-06-19 14:04:37 | INFO     | scraper.tasas_referenciales | Scraping completo -> máximas: 11 filas | otras: 10 filas
2026-06-19 14:04:37 | INFO     | scraper.tasas_referenciales | Tasas máximas referenciales: 11 filas
2026-06-19 14:04:37 | INFO     | scraper.tasas_referenciales | Otras tasas: 10 filas
2026-06-19 14:04:37 | INFO     | scraper.tasas_referenciales | EJECUTANDO: dbo.ISC_VIZ_MK_TASAS_MAXIMAS_REFERENCIALES -> periodo origen=202606 | periodo BD=202606
2026-06-19 14:04:37 | INFO     | scraper.tasas_referenciales | EJECUTANDO: No hay datos nuevos para dbo.ISC_VIZ_MK_TASAS_MAXIMAS_REFERENCIALES
2026-06-19 14:04:37 | INFO     | scraper.tasas_referenciales | EJECUTANDO: dbo.ISC_VIZ_OTRAS_TASAS_REFERENCIALES -> periodo origen=202606 | periodo BD=202606
2026-06-19 14:04:37 | INFO     | scraper.tasas_referenciales | EJECUTANDO: No hay datos nuevos para dbo.ISC_VIZ_OTRAS_TASAS_REFERENCIALES
2026-06-19 14:04:37 | INFO     | scraper.tasas_referenciales | No hubo periodo nuevo; no se cargó nada.
2026-06-19 14:04:37 | INFO     | scraper.tasas_referenciales | RESUMEN: SIN ERRORES
2026-06-19 14:04:37 | INFO     | scraper.tasas_referenciales | [RESUMEN] | OK | NINGUNA | procesados=0 cargados=0 descartados=0 | 00:00:01
2026-06-19 14:05:27 | INFO     | scraper.tasas_referenciales | === Inicio scraper Tasas Referenciales ===
2026-06-19 14:05:27 | INFO     | scraper.tasas_referenciales | Descargando HTML (intento 1/3): https://contenido.bce.fin.ec/documentos/Estadisticas/SectorMonFin/TasasInteres/Indice.htm
2026-06-19 14:05:28 | INFO     | scraper.tasas_referenciales | HTML descargado correctamente (48554 caracteres)
2026-06-19 14:05:28 | INFO     | scraper.tasas_referenciales | Se encontraron 2 tablas en la página.
2026-06-19 14:05:28 | INFO     | scraper.tasas_referenciales | Tabla clave-valor extraída: tabla_extraida_1_indice_0 (24 filas)
2026-06-19 14:05:28 | INFO     | scraper.tasas_referenciales | Tabla clave-valor extraída: tabla_extraida_2_indice_1 (28 filas)
2026-06-19 14:05:28 | INFO     | scraper.tasas_referenciales | Total de tablas clave-valor extraídas: 2
2026-06-19 14:05:28 | INFO     | scraper.tasas_referenciales | Periodo detectado: Junio 2026 -> 202606
2026-06-19 14:05:28 | INFO     | scraper.tasas_referenciales | Scraping completo -> máximas: 11 filas | otras: 10 filas
2026-06-19 14:05:28 | INFO     | scraper.tasas_referenciales | Tasas máximas referenciales: 11 filas
2026-06-19 14:05:28 | INFO     | scraper.tasas_referenciales | Otras tasas: 10 filas
2026-06-19 14:05:28 | INFO     | scraper.tasas_referenciales | EJECUTANDO: Tabla dbo.ISC_VIZ_MK_TASAS_MAXIMAS_REFERENCIALES vacía; usando periodo base.
2026-06-19 14:05:28 | INFO     | scraper.tasas_referenciales | EJECUTANDO: dbo.ISC_VIZ_MK_TASAS_MAXIMAS_REFERENCIALES -> periodo origen=202606 | periodo BD=199101
2026-06-19 14:05:28 | INFO     | scraper.tasas_referenciales | EJECUTANDO: Autocalculando DDL para [ISC_VIZ_MK_TASAS_MAXIMAS_REFERENCIALES] desde el DataFrame
2026-06-19 14:05:28 | INFO     | scraper.tasas_referenciales | EJECUTANDO ACCIÓN: DDL:
CREATE TABLE [dbo].[ISC_VIZ_MK_TASAS_MAXIMAS_REFERENCIALES] (
    [SEGMENTO_CREDITO] VARCHAR(53) NULL,
    [TASA_EFECTIVA_MAXIMA] DECIMAL(10,2) NULL,
    [TASA_REFERENCIAL] DECIMAL(10,2) NULL,
    [PERIODO] INT NULL
);
2026-06-19 14:05:28 | INFO     | scraper.tasas_referenciales | EJECUTANDO: Tabla [ISC_VIZ_MK_TASAS_MAXIMAS_REFERENCIALES] lista. Insertando 11 registros.
2026-06-19 14:05:28 | INFO     | scraper.tasas_referenciales | EJECUTANDO: Conectando via PYODBC para insertar en chunks en la tabla destino: ISC_VIZ_MK_TASAS_MAXIMAS_REFERENCIALES
2026-06-19 14:05:28 | INFO     | scraper.tasas_referenciales | EJECUTANDO ACCIÓN: Insertando 11 registros en [ISC_VIZ_MK_TASAS_MAXIMAS_REFERENCIALES] (chunks de 10000)
2026-06-19 14:05:28 | INFO     | scraper.tasas_referenciales | Carga finalizada: 11 registros insertados en [ISC_VIZ_MK_TASAS_MAXIMAS_REFERENCIALES]
2026-06-19 14:05:28 | INFO     | scraper.tasas_referenciales | EJECUTANDO: Tabla dbo.ISC_VIZ_OTRAS_TASAS_REFERENCIALES vacía; usando periodo base.
2026-06-19 14:05:28 | INFO     | scraper.tasas_referenciales | EJECUTANDO: dbo.ISC_VIZ_OTRAS_TASAS_REFERENCIALES -> periodo origen=202606 | periodo BD=199101
2026-06-19 14:05:28 | INFO     | scraper.tasas_referenciales | EJECUTANDO: Autocalculando DDL para [ISC_VIZ_OTRAS_TASAS_REFERENCIALES] desde el DataFrame
2026-06-19 14:05:28 | INFO     | scraper.tasas_referenciales | EJECUTANDO ACCIÓN: DDL:
CREATE TABLE [dbo].[ISC_VIZ_OTRAS_TASAS_REFERENCIALES] (
    [TASAS_REFERENCIALES] VARCHAR(38) NULL,
    [TASA_PORCENTUAL] DECIMAL(10,2) NULL,
    [CATEGORIA] VARCHAR(28) NULL,
    [PERIODO] INT NULL
);
2026-06-19 14:05:28 | INFO     | scraper.tasas_referenciales | EJECUTANDO: Tabla [ISC_VIZ_OTRAS_TASAS_REFERENCIALES] lista. Insertando 10 registros.
2026-06-19 14:05:28 | INFO     | scraper.tasas_referenciales | EJECUTANDO: Conectando via PYODBC para insertar en chunks en la tabla destino: ISC_VIZ_OTRAS_TASAS_REFERENCIALES
2026-06-19 14:05:28 | INFO     | scraper.tasas_referenciales | EJECUTANDO ACCIÓN: Insertando 10 registros en [ISC_VIZ_OTRAS_TASAS_REFERENCIALES] (chunks de 10000)
2026-06-19 14:05:28 | INFO     | scraper.tasas_referenciales | Carga finalizada: 10 registros insertados en [ISC_VIZ_OTRAS_TASAS_REFERENCIALES]
2026-06-19 14:05:28 | INFO     | scraper.tasas_referenciales | Carga completada. Enviando notificación de éxito.
2026-06-19 14:05:28 | INFO     | scraper.tasas_referenciales | Intento de Envio de Notificaciones por correo
2026-06-19 14:05:33 | INFO     | scraper.tasas_referenciales | Notificación por correo enviada: ✅ Tasas Referenciales actualizadas
2026-06-19 14:05:33 | INFO     | scraper.tasas_referenciales | Intento de Envio de Notificaciones
2026-06-19 14:05:34 | INFO     | scraper.tasas_referenciales | Notificación Teams enviada: ✅ Tasas Referenciales actualizadas
2026-06-19 14:05:34 | INFO     | scraper.tasas_referenciales | RESUMEN: SIN ERRORES
2026-06-19 14:05:34 | INFO     | scraper.tasas_referenciales | [RESUMEN] | OK | ISC_VIZ_MK_TASAS_MAXIMAS_REFERENCIALES, ISC_VIZ_OTRAS_TASAS_REFERENCIALES | procesados=21 cargados=21 descartados=0 | 00:00:07
2026-06-19 14:05:51 | INFO     | scraper.tasas_referenciales | === Inicio scraper Tasas Referenciales ===
2026-06-19 14:05:51 | INFO     | scraper.tasas_referenciales | Descargando HTML (intento 1/3): https://contenido.bce.fin.ec/documentos/Estadisticas/SectorMonFin/TasasInteres/Indice.htm
2026-06-19 14:05:51 | INFO     | scraper.tasas_referenciales | HTML descargado correctamente (48554 caracteres)
2026-06-19 14:05:51 | INFO     | scraper.tasas_referenciales | Se encontraron 2 tablas en la página.
2026-06-19 14:05:51 | INFO     | scraper.tasas_referenciales | Tabla clave-valor extraída: tabla_extraida_1_indice_0 (24 filas)
2026-06-19 14:05:51 | INFO     | scraper.tasas_referenciales | Tabla clave-valor extraída: tabla_extraida_2_indice_1 (28 filas)
2026-06-19 14:05:51 | INFO     | scraper.tasas_referenciales | Total de tablas clave-valor extraídas: 2
2026-06-19 14:05:51 | INFO     | scraper.tasas_referenciales | Periodo detectado: Junio 2026 -> 202606
2026-06-19 14:05:51 | INFO     | scraper.tasas_referenciales | Scraping completo -> máximas: 11 filas | otras: 10 filas
2026-06-19 14:05:51 | INFO     | scraper.tasas_referenciales | Tasas máximas referenciales: 11 filas
2026-06-19 14:05:51 | INFO     | scraper.tasas_referenciales | Otras tasas: 10 filas
2026-06-19 14:05:52 | INFO     | scraper.tasas_referenciales | EJECUTANDO: dbo.ISC_VIZ_MK_TASAS_MAXIMAS_REFERENCIALES -> periodo origen=202606 | periodo BD=202606
2026-06-19 14:05:52 | INFO     | scraper.tasas_referenciales | EJECUTANDO: No hay datos nuevos para dbo.ISC_VIZ_MK_TASAS_MAXIMAS_REFERENCIALES
2026-06-19 14:05:52 | INFO     | scraper.tasas_referenciales | EJECUTANDO: dbo.ISC_VIZ_OTRAS_TASAS_REFERENCIALES -> periodo origen=202606 | periodo BD=202606
2026-06-19 14:05:52 | INFO     | scraper.tasas_referenciales | EJECUTANDO: No hay datos nuevos para dbo.ISC_VIZ_OTRAS_TASAS_REFERENCIALES
2026-06-19 14:05:52 | INFO     | scraper.tasas_referenciales | No hubo periodo nuevo; no se cargó nada.
2026-06-19 14:05:52 | INFO     | scraper.tasas_referenciales | RESUMEN: SIN ERRORES
2026-06-19 14:05:52 | INFO     | scraper.tasas_referenciales | [RESUMEN] | OK | NINGUNA | procesados=0 cargados=0 descartados=0 | 00:00:01
2026-06-19 14:06:37 | INFO     | scraper.tasas_referenciales | === Inicio scraper Tasas Referenciales ===
2026-06-19 14:06:37 | INFO     | scraper.tasas_referenciales | Descargando HTML (intento 1/3): ghttps://contenido.bce.fin.ec/documentos/Estadisticas/SectorMonFin/TasasInteres/Indice.htm
2026-06-19 14:06:37 | WARNING  | scraper.tasas_referenciales | Intento 1 falló: No connection adapters were found for 'ghttps://contenido.bce.fin.ec/documentos/Estadisticas/SectorMonFin/TasasInteres/Indice.htm'
2026-06-19 14:06:37 | INFO     | scraper.tasas_referenciales | Esperando 2s antes de reintentar...
2026-06-19 14:06:39 | INFO     | scraper.tasas_referenciales | Descargando HTML (intento 2/3): ghttps://contenido.bce.fin.ec/documentos/Estadisticas/SectorMonFin/TasasInteres/Indice.htm
2026-06-19 14:06:39 | WARNING  | scraper.tasas_referenciales | Intento 2 falló: No connection adapters were found for 'ghttps://contenido.bce.fin.ec/documentos/Estadisticas/SectorMonFin/TasasInteres/Indice.htm'
2026-06-19 14:06:39 | INFO     | scraper.tasas_referenciales | Esperando 4s antes de reintentar...
2026-06-19 14:06:43 | INFO     | scraper.tasas_referenciales | Descargando HTML (intento 3/3): ghttps://contenido.bce.fin.ec/documentos/Estadisticas/SectorMonFin/TasasInteres/Indice.htm
2026-06-19 14:06:43 | WARNING  | scraper.tasas_referenciales | Intento 3 falló: No connection adapters were found for 'ghttps://contenido.bce.fin.ec/documentos/Estadisticas/SectorMonFin/TasasInteres/Indice.htm'
2026-06-19 14:06:43 | ERROR    | scraper.tasas_referenciales | Se agotaron los reintentos para ghttps://contenido.bce.fin.ec/documentos/Estadisticas/SectorMonFin/TasasInteres/Indice.htm
2026-06-19 14:06:43 | ERROR    | scraper.tasas_referenciales | Error crítico en la ejecución del scraper
Traceback (most recent call last):
  File "C:\Users\cbenalcazar\Downloads\ScraperBCE-main\main.py", line 17, in main
    df_maximas, df_otras = ejecutar_scraping()
                           ~~~~~~~~~~~~~~~~~^^
  File "C:\Users\cbenalcazar\Downloads\ScraperBCE-main\src\scraper\tasas_referenciales.py", line 221, in ejecutar_scraping
    tablas = obtener_tablas()
  File "C:\Users\cbenalcazar\Downloads\ScraperBCE-main\src\scraper\tasas_referenciales.py", line 70, in obtener_tablas
    html = obtener_html(url)
  File "C:\Users\cbenalcazar\Downloads\ScraperBCE-main\src\scraper\http_client.py", line 66, in obtener_html
    raise ultimo_error  # type: ignore[misc]
    ^^^^^^^^^^^^^^^^^^
  File "C:\Users\cbenalcazar\Downloads\ScraperBCE-main\src\scraper\http_client.py", line 43, in obtener_html
    response = requests.get(
        url,
    ...<2 lines>...
        verify=VERIFY_SSL,
    )
  File "C:\Users\cbenalcazar\AppData\Roaming\Python\Python314\site-packages\requests\api.py", line 87, in get
    return request("get", url, params=params, **kwargs)
  File "C:\Users\cbenalcazar\AppData\Roaming\Python\Python314\site-packages\requests\api.py", line 71, in request
    return session.request(method=method, url=url, **kwargs)
           ~~~~~~~~~~~~~~~^^^^^^^^^^^^^^^^^^^^^^^^^^^^^^^^^^
  File "C:\Users\cbenalcazar\AppData\Roaming\Python\Python314\site-packages\requests\sessions.py", line 651, in request
    resp = self.send(prep, **send_kwargs)
  File "C:\Users\cbenalcazar\AppData\Roaming\Python\Python314\site-packages\requests\sessions.py", line 778, in send
    adapter = self.get_adapter(url=request.url)
  File "C:\Users\cbenalcazar\AppData\Roaming\Python\Python314\site-packages\requests\sessions.py", line 881, in get_adapter
    raise InvalidSchema(f"No connection adapters were found for {url!r}")
requests.exceptions.InvalidSchema: No connection adapters were found for 'ghttps://contenido.bce.fin.ec/documentos/Estadisticas/SectorMonFin/TasasInteres/Indice.htm'
2026-06-19 14:06:43 | WARNING  | scraper.tasas_referenciales | Error no crítico: No connection adapters were found for 'ghttps://contenido.bce.fin.ec/documentos/Estadisticas/SectorMonFin/TasasInteres/Indice.htm'
2026-06-19 14:06:43 | INFO     | scraper.tasas_referenciales | Intento de Envio de Notificaciones por correo
2026-06-19 14:06:48 | INFO     | scraper.tasas_referenciales | Notificación por correo enviada: ❌ Tasas Referenciales: error de ejecución
2026-06-19 14:06:48 | INFO     | scraper.tasas_referenciales | Intento de Envio de Notificaciones
2026-06-19 14:06:49 | INFO     | scraper.tasas_referenciales | Notificación Teams enviada: ❌ Tasas Referenciales: error de ejecución
2026-06-19 14:06:49 | WARNING  | scraper.tasas_referenciales | ============================================================
2026-06-19 14:06:49 | WARNING  | scraper.tasas_referenciales | RESUMEN: TIENE ERRORES (1): 1. No connection adapters were found for 'ghttps://contenido.bce.fin.ec/documentos/Estadisticas/SectorMonFin/TasasInteres/Indice.htm'
2026-06-19 14:06:49 | WARNING  | scraper.tasas_referenciales | [RESUMEN] | ERROR | NINGUNA | procesados=0 cargados=0 descartados=0 | 00:00:12 | 1. No connection adapters were found for 'ghttps://contenido.bce.fin.ec/documentos/Estadisticas/SectorMonFin/TasasInteres/Indice.htm'
2026-06-19 15:16:33 | INFO     | scraper.tasas_referenciales | === Inicio scraper Tasas Referenciales ===
2026-06-19 15:16:33 | INFO     | scraper.tasas_referenciales | Descargando HTML (intento 1/3): ghttps://contenido.bce.fin.ec/documentos/Estadisticas/SectorMonFin/TasasInteres/Indice.htm
2026-06-19 15:16:33 | WARNING  | scraper.tasas_referenciales | Intento 1 falló: No connection adapters were found for 'ghttps://contenido.bce.fin.ec/documentos/Estadisticas/SectorMonFin/TasasInteres/Indice.htm'
2026-06-19 15:16:33 | INFO     | scraper.tasas_referenciales | Esperando 2s antes de reintentar...
2026-06-19 15:16:35 | INFO     | scraper.tasas_referenciales | Descargando HTML (intento 2/3): ghttps://contenido.bce.fin.ec/documentos/Estadisticas/SectorMonFin/TasasInteres/Indice.htm
2026-06-19 15:16:35 | WARNING  | scraper.tasas_referenciales | Intento 2 falló: No connection adapters were found for 'ghttps://contenido.bce.fin.ec/documentos/Estadisticas/SectorMonFin/TasasInteres/Indice.htm'
2026-06-19 15:16:35 | INFO     | scraper.tasas_referenciales | Esperando 4s antes de reintentar...
2026-06-19 15:16:39 | INFO     | scraper.tasas_referenciales | Descargando HTML (intento 3/3): ghttps://contenido.bce.fin.ec/documentos/Estadisticas/SectorMonFin/TasasInteres/Indice.htm
2026-06-19 15:16:39 | WARNING  | scraper.tasas_referenciales | Intento 3 falló: No connection adapters were found for 'ghttps://contenido.bce.fin.ec/documentos/Estadisticas/SectorMonFin/TasasInteres/Indice.htm'
2026-06-19 15:16:39 | ERROR    | scraper.tasas_referenciales | Se agotaron los reintentos para ghttps://contenido.bce.fin.ec/documentos/Estadisticas/SectorMonFin/TasasInteres/Indice.htm
2026-06-19 15:16:39 | ERROR    | scraper.tasas_referenciales | Error crítico en la ejecución del scraper
Traceback (most recent call last):
  File "C:\Users\cbenalcazar\Downloads\ScraperBCE-main\main.py", line 17, in main
    df_maximas, df_otras = ejecutar_scraping()
                           ~~~~~~~~~~~~~~~~~^^
  File "C:\Users\cbenalcazar\Downloads\ScraperBCE-main\src\scraper\tasas_referenciales.py", line 221, in ejecutar_scraping
    tablas = obtener_tablas()
  File "C:\Users\cbenalcazar\Downloads\ScraperBCE-main\src\scraper\tasas_referenciales.py", line 70, in obtener_tablas
    html = obtener_html(url)
  File "C:\Users\cbenalcazar\Downloads\ScraperBCE-main\src\scraper\http_client.py", line 66, in obtener_html
    raise ultimo_error  # type: ignore[misc]
    ^^^^^^^^^^^^^^^^^^
  File "C:\Users\cbenalcazar\Downloads\ScraperBCE-main\src\scraper\http_client.py", line 43, in obtener_html
    response = requests.get(
        url,
    ...<2 lines>...
        verify=VERIFY_SSL,
    )
  File "C:\Users\cbenalcazar\AppData\Roaming\Python\Python314\site-packages\requests\api.py", line 87, in get
    return request("get", url, params=params, **kwargs)
  File "C:\Users\cbenalcazar\AppData\Roaming\Python\Python314\site-packages\requests\api.py", line 71, in request
    return session.request(method=method, url=url, **kwargs)
           ~~~~~~~~~~~~~~~^^^^^^^^^^^^^^^^^^^^^^^^^^^^^^^^^^
  File "C:\Users\cbenalcazar\AppData\Roaming\Python\Python314\site-packages\requests\sessions.py", line 651, in request
    resp = self.send(prep, **send_kwargs)
  File "C:\Users\cbenalcazar\AppData\Roaming\Python\Python314\site-packages\requests\sessions.py", line 778, in send
    adapter = self.get_adapter(url=request.url)
  File "C:\Users\cbenalcazar\AppData\Roaming\Python\Python314\site-packages\requests\sessions.py", line 881, in get_adapter
    raise InvalidSchema(f"No connection adapters were found for {url!r}")
requests.exceptions.InvalidSchema: No connection adapters were found for 'ghttps://contenido.bce.fin.ec/documentos/Estadisticas/SectorMonFin/TasasInteres/Indice.htm'
2026-06-19 15:16:39 | WARNING  | scraper.tasas_referenciales | Error no crítico: No connection adapters were found for 'ghttps://contenido.bce.fin.ec/documentos/Estadisticas/SectorMonFin/TasasInteres/Indice.htm'
2026-06-19 15:16:39 | INFO     | scraper.tasas_referenciales | Intento de Envio de Notificaciones por correo
2026-06-19 15:16:43 | INFO     | scraper.tasas_referenciales | Notificación por correo enviada: ❌ Tasas Referenciales: error de ejecución
2026-06-19 15:16:43 | INFO     | scraper.tasas_referenciales | Intento de Envio de Notificaciones
2026-06-19 15:16:44 | INFO     | scraper.tasas_referenciales | Notificación Teams enviada: ❌ Tasas Referenciales: error de ejecución
2026-06-19 15:16:44 | WARNING  | scraper.tasas_referenciales | ============================================================
2026-06-19 15:16:44 | WARNING  | scraper.tasas_referenciales | RESUMEN: TIENE ERRORES (1): 1. No connection adapters were found for 'ghttps://contenido.bce.fin.ec/documentos/Estadisticas/SectorMonFin/TasasInteres/Indice.htm'
2026-06-19 15:16:44 | WARNING  | scraper.tasas_referenciales | [RESUMEN] | ERROR | NINGUNA | procesados=0 cargados=0 descartados=0 | 00:00:12 | 1. No connection adapters were found for 'ghttps://contenido.bce.fin.ec/documentos/Estadisticas/SectorMonFin/TasasInteres/Indice.htm'
2026-06-19 15:17:36 | INFO     | scraper.tasas_referenciales | === Inicio scraper Tasas Referenciales ===
2026-06-19 15:17:36 | INFO     | scraper.tasas_referenciales | Descargando HTML (intento 1/3): https://contenido.bce.fin.ec/documentos/Estadisticas/SectorMonFin/TasasInteres/Indice.htm
2026-06-19 15:17:37 | INFO     | scraper.tasas_referenciales | HTML descargado correctamente (48554 caracteres)
2026-06-19 15:17:37 | INFO     | scraper.tasas_referenciales | Se encontraron 2 tablas en la página.
2026-06-19 15:17:37 | INFO     | scraper.tasas_referenciales | Tabla clave-valor extraída: tabla_extraida_1_indice_0 (24 filas)
2026-06-19 15:17:37 | INFO     | scraper.tasas_referenciales | Tabla clave-valor extraída: tabla_extraida_2_indice_1 (28 filas)
2026-06-19 15:17:37 | INFO     | scraper.tasas_referenciales | Total de tablas clave-valor extraídas: 2
2026-06-19 15:17:37 | INFO     | scraper.tasas_referenciales | Periodo detectado: Junio 2026 -> 202606
2026-06-19 15:17:37 | INFO     | scraper.tasas_referenciales | Scraping completo -> máximas: 11 filas | otras: 10 filas
2026-06-19 15:17:37 | INFO     | scraper.tasas_referenciales | Tasas máximas referenciales: 11 filas
2026-06-19 15:17:37 | INFO     | scraper.tasas_referenciales | Otras tasas: 10 filas
2026-06-19 15:17:38 | INFO     | scraper.tasas_referenciales | EJECUTANDO: dbo.ISC_VIZ_MK_TASAS_MAXIMAS_REFERENCIALES -> periodo origen=202606 | periodo BD=202606
2026-06-19 15:17:38 | INFO     | scraper.tasas_referenciales | EJECUTANDO: No hay datos nuevos para dbo.ISC_VIZ_MK_TASAS_MAXIMAS_REFERENCIALES
2026-06-19 15:17:38 | INFO     | scraper.tasas_referenciales | EJECUTANDO: dbo.ISC_VIZ_OTRAS_TASAS_REFERENCIALES -> periodo origen=202606 | periodo BD=202606
2026-06-19 15:17:38 | INFO     | scraper.tasas_referenciales | EJECUTANDO: No hay datos nuevos para dbo.ISC_VIZ_OTRAS_TASAS_REFERENCIALES
2026-06-19 15:17:38 | INFO     | scraper.tasas_referenciales | No hubo periodo nuevo; no se cargó nada.
2026-06-19 15:17:38 | INFO     | scraper.tasas_referenciales | RESUMEN: SIN ERRORES
2026-06-19 15:17:38 | INFO     | scraper.tasas_referenciales | [RESUMEN] | OK | NINGUNA | procesados=0 cargados=0 descartados=0 | 00:00:01
