2026-06-18 06:47:29 | INFO     | scraper.tasas_referenciales | === Inicio scraper Tasas Referenciales ===
2026-06-18 06:47:29 | INFO     | scraper.tasas_referenciales | Descargando HTML (intento 1/3): https://contenido.bce.fin.ec/documentos/Estadisticas/SectorMonFin/TasasInteres/Indice.htm
2026-06-18 06:47:29 | INFO     | scraper.tasas_referenciales | HTML descargado correctamente (48554 caracteres)
2026-06-18 06:47:29 | INFO     | scraper.tasas_referenciales | Se encontraron 2 tablas en la página.
2026-06-18 06:47:29 | INFO     | scraper.tasas_referenciales | Tabla clave-valor extraída: tabla_extraida_1_indice_0 (24 filas)
2026-06-18 06:47:29 | INFO     | scraper.tasas_referenciales | Tabla clave-valor extraída: tabla_extraida_2_indice_1 (28 filas)
2026-06-18 06:47:29 | INFO     | scraper.tasas_referenciales | Total de tablas clave-valor extraídas: 2
2026-06-18 06:47:29 | INFO     | scraper.tasas_referenciales | Periodo detectado: Junio 2026 -> 202606
2026-06-18 06:47:29 | INFO     | scraper.tasas_referenciales | Scraping completo -> máximas: 11 filas | otras: 10 filas
2026-06-18 06:47:29 | INFO     | scraper.tasas_referenciales | Tasas máximas referenciales: 11 filas
2026-06-18 06:47:29 | INFO     | scraper.tasas_referenciales | Otras tasas: 10 filas
2026-06-18 06:47:29 | INFO     | scraper.tasas_referenciales | Resumen: sin errores no críticos.
2026-06-18 06:47:29 | INFO     | scraper.tasas_referenciales | === Fin scraper Tasas Referenciales ===
2026-06-18 06:52:31 | INFO     | scraper.tasas_referenciales | === Inicio scraper Tasas Referenciales ===
2026-06-18 06:52:31 | INFO     | scraper.tasas_referenciales | Descargando HTML (intento 1/3): https://contenido.bce.fin.ec/documentos/Estadisticas/SectorMonFin/TasasInteres/Indice.htm
2026-06-18 06:52:31 | INFO     | scraper.tasas_referenciales | HTML descargado correctamente (48554 caracteres)
2026-06-18 06:52:31 | INFO     | scraper.tasas_referenciales | Se encontraron 2 tablas en la página.
2026-06-18 06:52:31 | INFO     | scraper.tasas_referenciales | Tabla clave-valor extraída: tabla_extraida_1_indice_0 (24 filas)
2026-06-18 06:52:31 | INFO     | scraper.tasas_referenciales | Tabla clave-valor extraída: tabla_extraida_2_indice_1 (28 filas)
2026-06-18 06:52:31 | INFO     | scraper.tasas_referenciales | Total de tablas clave-valor extraídas: 2
2026-06-18 06:52:31 | INFO     | scraper.tasas_referenciales | Periodo detectado: Junio 2026 -> 202606
2026-06-18 06:52:31 | INFO     | scraper.tasas_referenciales | Scraping completo -> máximas: 11 filas | otras: 10 filas
2026-06-18 06:52:31 | INFO     | scraper.tasas_referenciales | Tasas máximas referenciales: 11 filas
2026-06-18 06:52:31 | INFO     | scraper.tasas_referenciales | Otras tasas: 10 filas
2026-06-18 06:52:31 | INFO     | scraper.tasas_referenciales | Resumen: sin errores no críticos.
2026-06-18 06:52:31 | INFO     | scraper.tasas_referenciales | === Fin scraper Tasas Referenciales ===
2026-06-18 07:11:08 | INFO     | scraper.tasas_referenciales | === Inicio scraper Tasas Referenciales ===
2026-06-18 07:11:08 | INFO     | scraper.tasas_referenciales | Descargando HTML (intento 1/3): https://contenido.bce.fin.ec/documentos/Estadisticas/SectorMonFin/TasasInteres/Indice.htm
2026-06-18 07:11:08 | INFO     | scraper.tasas_referenciales | HTML descargado correctamente (48554 caracteres)
2026-06-18 07:11:08 | INFO     | scraper.tasas_referenciales | Se encontraron 2 tablas en la página.
2026-06-18 07:11:08 | INFO     | scraper.tasas_referenciales | Tabla clave-valor extraída: tabla_extraida_1_indice_0 (24 filas)
2026-06-18 07:11:08 | INFO     | scraper.tasas_referenciales | Tabla clave-valor extraída: tabla_extraida_2_indice_1 (28 filas)
2026-06-18 07:11:08 | INFO     | scraper.tasas_referenciales | Total de tablas clave-valor extraídas: 2
2026-06-18 07:11:08 | INFO     | scraper.tasas_referenciales | Periodo detectado: Junio 2026 -> 202606
2026-06-18 07:11:08 | INFO     | scraper.tasas_referenciales | Scraping completo -> máximas: 11 filas | otras: 10 filas
2026-06-18 07:11:08 | INFO     | scraper.tasas_referenciales | Tasas máximas referenciales: 11 filas
2026-06-18 07:11:08 | INFO     | scraper.tasas_referenciales | Otras tasas: 10 filas
2026-06-18 07:11:08 | ERROR    | scraper.tasas_referenciales | ERROR: No se pudo consultar dbo.ISC_VIZ_MK_TASAS_MAXIMAS_REFERENCIALES: (pyodbc.Error) ('01000', "[01000] [unixODBC][Driver Manager]Can't open lib 'ODBC Driver 17 for SQL Server' : file not found (0) (SQLDriverConnect)")
(Background on this error at: https://sqlalche.me/e/20/dbapi)
2026-06-18 07:11:08 | INFO     | scraper.tasas_referenciales | EJECUTANDO: dbo.ISC_VIZ_MK_TASAS_MAXIMAS_REFERENCIALES -> periodo origen=202606 | periodo BD=199101
2026-06-18 07:11:08 | INFO     | scraper.tasas_referenciales | EJECUTANDO: Autocalculando DDL para [ISC_VIZ_MK_TASAS_MAXIMAS_REFERENCIALES] desde el DataFrame
2026-06-18 07:11:08 | INFO     | scraper.tasas_referenciales | EJECUTANDO ACCIÓN: DDL:
CREATE TABLE [dbo].[ISC_VIZ_MK_TASAS_MAXIMAS_REFERENCIALES] (
    [SEGMENTO_CREDITO] VARCHAR(53) NULL,
    [TASA_EFECTIVA_MAXIMA] DECIMAL(10,2) NULL,
    [TASA_REFERENCIAL] DECIMAL(10,2) NULL,
    [PERIODO] INT NULL
);
2026-06-18 07:11:08 | ERROR    | scraper.tasas_referenciales | ERROR: No se pudo crear y cargar la tabla ISC_VIZ_MK_TASAS_MAXIMAS_REFERENCIALES: (pyodbc.Error) ('01000', "[01000] [unixODBC][Driver Manager]Can't open lib 'ODBC Driver 17 for SQL Server' : file not found (0) (SQLDriverConnect)")
(Background on this error at: https://sqlalche.me/e/20/dbapi)
2026-06-18 07:11:08 | ERROR    | scraper.tasas_referenciales | ERROR: No se pudo consultar dbo.ISC_VIZ_OTRAS_TASAS_REFERENCIALES: (pyodbc.Error) ('01000', "[01000] [unixODBC][Driver Manager]Can't open lib 'ODBC Driver 17 for SQL Server' : file not found (0) (SQLDriverConnect)")
(Background on this error at: https://sqlalche.me/e/20/dbapi)
2026-06-18 07:11:08 | INFO     | scraper.tasas_referenciales | EJECUTANDO: dbo.ISC_VIZ_OTRAS_TASAS_REFERENCIALES -> periodo origen=202606 | periodo BD=199101
2026-06-18 07:11:08 | INFO     | scraper.tasas_referenciales | EJECUTANDO: Autocalculando DDL para [ISC_VIZ_OTRAS_TASAS_REFERENCIALES] desde el DataFrame
2026-06-18 07:11:08 | INFO     | scraper.tasas_referenciales | EJECUTANDO ACCIÓN: DDL:
CREATE TABLE [dbo].[ISC_VIZ_OTRAS_TASAS_REFERENCIALES] (
    [TASAS_REFERENCIALES] VARCHAR(38) NULL,
    [TASA_PORCENTUAL] DECIMAL(10,2) NULL,
    [CATEGORIA] VARCHAR(28) NULL,
    [PERIODO] INT NULL
);
2026-06-18 07:11:08 | ERROR    | scraper.tasas_referenciales | ERROR: No se pudo crear y cargar la tabla ISC_VIZ_OTRAS_TASAS_REFERENCIALES: (pyodbc.Error) ('01000', "[01000] [unixODBC][Driver Manager]Can't open lib 'ODBC Driver 17 for SQL Server' : file not found (0) (SQLDriverConnect)")
(Background on this error at: https://sqlalche.me/e/20/dbapi)
2026-06-18 07:11:08 | INFO     | scraper.tasas_referenciales | No hubo periodo nuevo; no se cargó nada.
2026-06-18 07:11:08 | INFO     | scraper.tasas_referenciales | Resumen: sin errores no críticos.
2026-06-18 07:11:08 | INFO     | scraper.tasas_referenciales | === Fin scraper Tasas Referenciales ===
2026-06-18 07:13:47 | INFO     | scraper.tasas_referenciales | === Inicio scraper Tasas Referenciales ===
2026-06-18 07:13:47 | INFO     | scraper.tasas_referenciales | Descargando HTML (intento 1/3): https://contenido.bce.fin.ec/documentos/Estadisticas/SectorMonFin/TasasInteres/Indice.htm
2026-06-18 07:13:48 | INFO     | scraper.tasas_referenciales | HTML descargado correctamente (48554 caracteres)
2026-06-18 07:13:48 | INFO     | scraper.tasas_referenciales | Se encontraron 2 tablas en la página.
2026-06-18 07:13:48 | INFO     | scraper.tasas_referenciales | Tabla clave-valor extraída: tabla_extraida_1_indice_0 (24 filas)
2026-06-18 07:13:48 | INFO     | scraper.tasas_referenciales | Tabla clave-valor extraída: tabla_extraida_2_indice_1 (28 filas)
2026-06-18 07:13:48 | INFO     | scraper.tasas_referenciales | Total de tablas clave-valor extraídas: 2
2026-06-18 07:13:48 | INFO     | scraper.tasas_referenciales | Periodo detectado: Junio 2026 -> 202606
2026-06-18 07:13:48 | INFO     | scraper.tasas_referenciales | Scraping completo -> máximas: 11 filas | otras: 10 filas
2026-06-18 07:13:48 | INFO     | scraper.tasas_referenciales | Tasas máximas referenciales: 11 filas
2026-06-18 07:13:48 | INFO     | scraper.tasas_referenciales | Otras tasas: 10 filas
2026-06-18 07:13:48 | ERROR    | scraper.tasas_referenciales | ERROR: No se pudo consultar dbo.ISC_VIZ_MK_TASAS_MAXIMAS_REFERENCIALES: (pyodbc.Error) ('01000', "[01000] [unixODBC][Driver Manager]Can't open lib 'ODBC Driver 17 for SQL Server' : file not found (0) (SQLDriverConnect)")
(Background on this error at: https://sqlalche.me/e/20/dbapi)
2026-06-18 07:13:48 | INFO     | scraper.tasas_referenciales | EJECUTANDO: dbo.ISC_VIZ_MK_TASAS_MAXIMAS_REFERENCIALES -> periodo origen=202606 | periodo BD=199101
2026-06-18 07:13:48 | INFO     | scraper.tasas_referenciales | EJECUTANDO: Autocalculando DDL para [ISC_VIZ_MK_TASAS_MAXIMAS_REFERENCIALES] desde el DataFrame
2026-06-18 07:13:48 | INFO     | scraper.tasas_referenciales | EJECUTANDO ACCIÓN: DDL:
CREATE TABLE [dbo].[ISC_VIZ_MK_TASAS_MAXIMAS_REFERENCIALES] (
    [SEGMENTO_CREDITO] VARCHAR(53) NULL,
    [TASA_EFECTIVA_MAXIMA] DECIMAL(10,2) NULL,
    [TASA_REFERENCIAL] DECIMAL(10,2) NULL,
    [PERIODO] INT NULL
);
2026-06-18 07:13:48 | ERROR    | scraper.tasas_referenciales | ERROR: No se pudo crear y cargar la tabla ISC_VIZ_MK_TASAS_MAXIMAS_REFERENCIALES: (pyodbc.Error) ('01000', "[01000] [unixODBC][Driver Manager]Can't open lib 'ODBC Driver 17 for SQL Server' : file not found (0) (SQLDriverConnect)")
(Background on this error at: https://sqlalche.me/e/20/dbapi)
2026-06-18 07:13:48 | ERROR    | scraper.tasas_referenciales | ERROR: No se pudo consultar dbo.ISC_VIZ_OTRAS_TASAS_REFERENCIALES: (pyodbc.Error) ('01000', "[01000] [unixODBC][Driver Manager]Can't open lib 'ODBC Driver 17 for SQL Server' : file not found (0) (SQLDriverConnect)")
(Background on this error at: https://sqlalche.me/e/20/dbapi)
2026-06-18 07:13:48 | INFO     | scraper.tasas_referenciales | EJECUTANDO: dbo.ISC_VIZ_OTRAS_TASAS_REFERENCIALES -> periodo origen=202606 | periodo BD=199101
2026-06-18 07:13:48 | INFO     | scraper.tasas_referenciales | EJECUTANDO: Autocalculando DDL para [ISC_VIZ_OTRAS_TASAS_REFERENCIALES] desde el DataFrame
2026-06-18 07:13:48 | INFO     | scraper.tasas_referenciales | EJECUTANDO ACCIÓN: DDL:
CREATE TABLE [dbo].[ISC_VIZ_OTRAS_TASAS_REFERENCIALES] (
    [TASAS_REFERENCIALES] VARCHAR(38) NULL,
    [TASA_PORCENTUAL] DECIMAL(10,2) NULL,
    [CATEGORIA] VARCHAR(28) NULL,
    [PERIODO] INT NULL
);
2026-06-18 07:13:48 | ERROR    | scraper.tasas_referenciales | ERROR: No se pudo crear y cargar la tabla ISC_VIZ_OTRAS_TASAS_REFERENCIALES: (pyodbc.Error) ('01000', "[01000] [unixODBC][Driver Manager]Can't open lib 'ODBC Driver 17 for SQL Server' : file not found (0) (SQLDriverConnect)")
(Background on this error at: https://sqlalche.me/e/20/dbapi)
2026-06-18 07:13:48 | INFO     | scraper.tasas_referenciales | No hubo periodo nuevo; no se cargó nada.
2026-06-18 07:13:48 | INFO     | scraper.tasas_referenciales | Resumen: sin errores no críticos.
2026-06-18 07:13:48 | INFO     | scraper.tasas_referenciales | === Fin scraper Tasas Referenciales ===
2026-06-18 08:33:33 | INFO     | scraper.tasas_referenciales | === Inicio scraper Tasas Referenciales ===
2026-06-18 08:33:33 | INFO     | scraper.tasas_referenciales | Descargando HTML (intento 1/3): https://contenido.bce.fin.ec/documentos/Estadisticas/SectorMonFin/TasasInteres/Indice.htm
2026-06-18 08:33:34 | INFO     | scraper.tasas_referenciales | HTML descargado correctamente (48554 caracteres)
2026-06-18 08:33:34 | INFO     | scraper.tasas_referenciales | Se encontraron 2 tablas en la página.
2026-06-18 08:33:34 | INFO     | scraper.tasas_referenciales | Tabla clave-valor extraída: tabla_extraida_1_indice_0 (24 filas)
2026-06-18 08:33:34 | INFO     | scraper.tasas_referenciales | Tabla clave-valor extraída: tabla_extraida_2_indice_1 (28 filas)
2026-06-18 08:33:34 | INFO     | scraper.tasas_referenciales | Total de tablas clave-valor extraídas: 2
2026-06-18 08:33:34 | INFO     | scraper.tasas_referenciales | Periodo detectado: Junio 2026 -> 202606
2026-06-18 08:33:34 | INFO     | scraper.tasas_referenciales | Scraping completo -> máximas: 11 filas | otras: 10 filas
2026-06-18 08:33:34 | INFO     | scraper.tasas_referenciales | Tasas máximas referenciales: 11 filas
2026-06-18 08:33:34 | INFO     | scraper.tasas_referenciales | Otras tasas: 10 filas
2026-06-18 08:33:36 | INFO     | scraper.tasas_referenciales | EJECUTANDO: dbo.ISC_VIZ_MK_TASAS_MAXIMAS_REFERENCIALES -> periodo origen=202606 | periodo BD=202606
2026-06-18 08:33:36 | INFO     | scraper.tasas_referenciales | EJECUTANDO: No hay datos nuevos para dbo.ISC_VIZ_MK_TASAS_MAXIMAS_REFERENCIALES
2026-06-18 08:33:36 | INFO     | scraper.tasas_referenciales | EJECUTANDO: dbo.ISC_VIZ_OTRAS_TASAS_REFERENCIALES -> periodo origen=202606 | periodo BD=202606
2026-06-18 08:33:36 | INFO     | scraper.tasas_referenciales | EJECUTANDO: No hay datos nuevos para dbo.ISC_VIZ_OTRAS_TASAS_REFERENCIALES
2026-06-18 08:33:36 | INFO     | scraper.tasas_referenciales | No hubo periodo nuevo; no se cargó nada.
2026-06-18 08:33:36 | INFO     | scraper.tasas_referenciales | Resumen: sin errores no críticos.
2026-06-18 08:33:36 | INFO     | scraper.tasas_referenciales | === Fin scraper Tasas Referenciales ===
2026-06-18 08:35:17 | INFO     | scraper.tasas_referenciales | === Inicio scraper Tasas Referenciales ===
2026-06-18 08:35:17 | INFO     | scraper.tasas_referenciales | Descargando HTML (intento 1/3): https://contenido.bce.fin.ec/documentos/Estadisticas/SectorMonFin/TasasInteres/Indice.htm
2026-06-18 08:35:18 | INFO     | scraper.tasas_referenciales | HTML descargado correctamente (48554 caracteres)
2026-06-18 08:35:18 | INFO     | scraper.tasas_referenciales | Se encontraron 2 tablas en la página.
2026-06-18 08:35:18 | INFO     | scraper.tasas_referenciales | Tabla clave-valor extraída: tabla_extraida_1_indice_0 (24 filas)
2026-06-18 08:35:18 | INFO     | scraper.tasas_referenciales | Tabla clave-valor extraída: tabla_extraida_2_indice_1 (28 filas)
2026-06-18 08:35:18 | INFO     | scraper.tasas_referenciales | Total de tablas clave-valor extraídas: 2
2026-06-18 08:35:18 | INFO     | scraper.tasas_referenciales | Periodo detectado: Junio 2026 -> 202606
2026-06-18 08:35:18 | INFO     | scraper.tasas_referenciales | Scraping completo -> máximas: 11 filas | otras: 10 filas
2026-06-18 08:35:18 | INFO     | scraper.tasas_referenciales | Tasas máximas referenciales: 11 filas
2026-06-18 08:35:18 | INFO     | scraper.tasas_referenciales | Otras tasas: 10 filas
2026-06-18 08:35:18 | INFO     | scraper.tasas_referenciales | EJECUTANDO: Tabla dbo.ISC_VIZ_MK_TASAS_MAXIMAS_REFERENCIALES vacía; usando periodo base.
2026-06-18 08:35:18 | INFO     | scraper.tasas_referenciales | EJECUTANDO: dbo.ISC_VIZ_MK_TASAS_MAXIMAS_REFERENCIALES -> periodo origen=202606 | periodo BD=199101
2026-06-18 08:35:18 | INFO     | scraper.tasas_referenciales | EJECUTANDO: Autocalculando DDL para [ISC_VIZ_MK_TASAS_MAXIMAS_REFERENCIALES] desde el DataFrame
2026-06-18 08:35:18 | INFO     | scraper.tasas_referenciales | EJECUTANDO ACCIÓN: DDL:
CREATE TABLE [dbo].[ISC_VIZ_MK_TASAS_MAXIMAS_REFERENCIALES] (
    [SEGMENTO_CREDITO] VARCHAR(53) NULL,
    [TASA_EFECTIVA_MAXIMA] DECIMAL(10,2) NULL,
    [TASA_REFERENCIAL] DECIMAL(10,2) NULL,
    [PERIODO] INT NULL
);
2026-06-18 08:35:18 | INFO     | scraper.tasas_referenciales | EJECUTANDO: Tabla [ISC_VIZ_MK_TASAS_MAXIMAS_REFERENCIALES] lista. Insertando 11 registros.
2026-06-18 08:35:18 | INFO     | scraper.tasas_referenciales | EJECUTANDO: Conectando via PYODBC para insertar en chunks en la tabla destino: ISC_VIZ_MK_TASAS_MAXIMAS_REFERENCIALES
2026-06-18 08:35:18 | INFO     | scraper.tasas_referenciales | EJECUTANDO ACCIÓN: Insertando 11 registros en [ISC_VIZ_MK_TASAS_MAXIMAS_REFERENCIALES] (chunks de 10000)
2026-06-18 08:35:18 | INFO     | scraper.tasas_referenciales | Carga finalizada: 11 registros insertados en [ISC_VIZ_MK_TASAS_MAXIMAS_REFERENCIALES]
2026-06-18 08:35:18 | INFO     | scraper.tasas_referenciales | EJECUTANDO: Tabla dbo.ISC_VIZ_OTRAS_TASAS_REFERENCIALES vacía; usando periodo base.
2026-06-18 08:35:18 | INFO     | scraper.tasas_referenciales | EJECUTANDO: dbo.ISC_VIZ_OTRAS_TASAS_REFERENCIALES -> periodo origen=202606 | periodo BD=199101
2026-06-18 08:35:18 | INFO     | scraper.tasas_referenciales | EJECUTANDO: Autocalculando DDL para [ISC_VIZ_OTRAS_TASAS_REFERENCIALES] desde el DataFrame
2026-06-18 08:35:18 | INFO     | scraper.tasas_referenciales | EJECUTANDO ACCIÓN: DDL:
CREATE TABLE [dbo].[ISC_VIZ_OTRAS_TASAS_REFERENCIALES] (
    [TASAS_REFERENCIALES] VARCHAR(38) NULL,
    [TASA_PORCENTUAL] DECIMAL(10,2) NULL,
    [CATEGORIA] VARCHAR(28) NULL,
    [PERIODO] INT NULL
);
2026-06-18 08:35:18 | INFO     | scraper.tasas_referenciales | EJECUTANDO: Tabla [ISC_VIZ_OTRAS_TASAS_REFERENCIALES] lista. Insertando 10 registros.
2026-06-18 08:35:18 | INFO     | scraper.tasas_referenciales | EJECUTANDO: Conectando via PYODBC para insertar en chunks en la tabla destino: ISC_VIZ_OTRAS_TASAS_REFERENCIALES
2026-06-18 08:35:18 | INFO     | scraper.tasas_referenciales | EJECUTANDO ACCIÓN: Insertando 10 registros en [ISC_VIZ_OTRAS_TASAS_REFERENCIALES] (chunks de 10000)
2026-06-18 08:35:18 | INFO     | scraper.tasas_referenciales | Carga finalizada: 10 registros insertados en [ISC_VIZ_OTRAS_TASAS_REFERENCIALES]
2026-06-18 08:35:18 | INFO     | scraper.tasas_referenciales | Carga completada. Enviando notificación de éxito.
2026-06-18 08:35:18 | INFO     | scraper.tasas_referenciales | Intento de Envio de Notificaciones
2026-06-18 08:35:18 | WARNING  | scraper.tasas_referenciales | No se pudo enviar notificación a Teams: No connection adapters were found for 'sshttps://default78181095efa148069626ca6be188d1.d0.environment.api.powerplatform.com:443/powerautomate/automations/direct/workflows/019c8b9d18d54d748f66dcc406d3897a/triggers/manual/paths/invoke?api-version=1&sp=%2Ftriggers%2Fmanual%2Frun&sv=1.0&sig=rfeOBfxHt1iQ3QJcRGWrpRSO-qGoORsouMucC9Zffag'
2026-06-18 08:35:18 | INFO     | scraper.tasas_referenciales | Resumen: sin errores no críticos.
2026-06-18 08:35:18 | INFO     | scraper.tasas_referenciales | === Fin scraper Tasas Referenciales ===
2026-06-18 08:36:16 | INFO     | scraper.tasas_referenciales | === Inicio scraper Tasas Referenciales ===
2026-06-18 08:36:16 | INFO     | scraper.tasas_referenciales | Descargando HTML (intento 1/3): https://contenido.bce.fin.ec/documentos/Estadisticas/SectorMonFin/TasasInteres/Indice.htm
2026-06-18 08:36:16 | INFO     | scraper.tasas_referenciales | HTML descargado correctamente (48554 caracteres)
2026-06-18 08:36:16 | INFO     | scraper.tasas_referenciales | Se encontraron 2 tablas en la página.
2026-06-18 08:36:16 | INFO     | scraper.tasas_referenciales | Tabla clave-valor extraída: tabla_extraida_1_indice_0 (24 filas)
2026-06-18 08:36:16 | INFO     | scraper.tasas_referenciales | Tabla clave-valor extraída: tabla_extraida_2_indice_1 (28 filas)
2026-06-18 08:36:16 | INFO     | scraper.tasas_referenciales | Total de tablas clave-valor extraídas: 2
2026-06-18 08:36:16 | INFO     | scraper.tasas_referenciales | Periodo detectado: Junio 2026 -> 202606
2026-06-18 08:36:16 | INFO     | scraper.tasas_referenciales | Scraping completo -> máximas: 11 filas | otras: 10 filas
2026-06-18 08:36:16 | INFO     | scraper.tasas_referenciales | Tasas máximas referenciales: 11 filas
2026-06-18 08:36:16 | INFO     | scraper.tasas_referenciales | Otras tasas: 10 filas
2026-06-18 08:36:16 | INFO     | scraper.tasas_referenciales | EJECUTANDO: dbo.ISC_VIZ_MK_TASAS_MAXIMAS_REFERENCIALES -> periodo origen=202606 | periodo BD=202606
2026-06-18 08:36:16 | INFO     | scraper.tasas_referenciales | EJECUTANDO: No hay datos nuevos para dbo.ISC_VIZ_MK_TASAS_MAXIMAS_REFERENCIALES
2026-06-18 08:36:16 | INFO     | scraper.tasas_referenciales | EJECUTANDO: dbo.ISC_VIZ_OTRAS_TASAS_REFERENCIALES -> periodo origen=202606 | periodo BD=202606
2026-06-18 08:36:16 | INFO     | scraper.tasas_referenciales | EJECUTANDO: No hay datos nuevos para dbo.ISC_VIZ_OTRAS_TASAS_REFERENCIALES
2026-06-18 08:36:16 | INFO     | scraper.tasas_referenciales | No hubo periodo nuevo; no se cargó nada.
2026-06-18 08:36:16 | INFO     | scraper.tasas_referenciales | Resumen: sin errores no críticos.
2026-06-18 08:36:16 | INFO     | scraper.tasas_referenciales | === Fin scraper Tasas Referenciales ===
2026-06-18 08:46:43 | INFO     | scraper.tasas_referenciales | === Inicio scraper Tasas Referenciales ===
2026-06-18 08:46:43 | INFO     | scraper.tasas_referenciales | Descargando HTML (intento 1/3): https://contenido.bce.fin.ec/documentos/Estadisticas/SectorMonFin/TasasInteres/Indice.htm
2026-06-18 08:46:43 | INFO     | scraper.tasas_referenciales | HTML descargado correctamente (48554 caracteres)
2026-06-18 08:46:44 | INFO     | scraper.tasas_referenciales | Se encontraron 2 tablas en la página.
2026-06-18 08:46:44 | INFO     | scraper.tasas_referenciales | Tabla clave-valor extraída: tabla_extraida_1_indice_0 (24 filas)
2026-06-18 08:46:44 | INFO     | scraper.tasas_referenciales | Tabla clave-valor extraída: tabla_extraida_2_indice_1 (28 filas)
2026-06-18 08:46:44 | INFO     | scraper.tasas_referenciales | Total de tablas clave-valor extraídas: 2
2026-06-18 08:46:44 | INFO     | scraper.tasas_referenciales | Periodo detectado: Junio 2026 -> 202606
2026-06-18 08:46:44 | INFO     | scraper.tasas_referenciales | Scraping completo -> máximas: 11 filas | otras: 10 filas
2026-06-18 08:46:44 | INFO     | scraper.tasas_referenciales | Tasas máximas referenciales: 11 filas
2026-06-18 08:46:44 | INFO     | scraper.tasas_referenciales | Otras tasas: 10 filas
2026-06-18 08:46:44 | INFO     | scraper.tasas_referenciales | EJECUTANDO: Tabla dbo.ISC_VIZ_MK_TASAS_MAXIMAS_REFERENCIALES vacía; usando periodo base.
2026-06-18 08:46:44 | INFO     | scraper.tasas_referenciales | EJECUTANDO: dbo.ISC_VIZ_MK_TASAS_MAXIMAS_REFERENCIALES -> periodo origen=202606 | periodo BD=199101
2026-06-18 08:46:44 | INFO     | scraper.tasas_referenciales | EJECUTANDO: Autocalculando DDL para [ISC_VIZ_MK_TASAS_MAXIMAS_REFERENCIALES] desde el DataFrame
2026-06-18 08:46:44 | INFO     | scraper.tasas_referenciales | EJECUTANDO ACCIÓN: DDL:
CREATE TABLE [dbo].[ISC_VIZ_MK_TASAS_MAXIMAS_REFERENCIALES] (
    [SEGMENTO_CREDITO] VARCHAR(53) NULL,
    [TASA_EFECTIVA_MAXIMA] DECIMAL(10,2) NULL,
    [TASA_REFERENCIAL] DECIMAL(10,2) NULL,
    [PERIODO] INT NULL
);
2026-06-18 08:46:44 | INFO     | scraper.tasas_referenciales | EJECUTANDO: Tabla [ISC_VIZ_MK_TASAS_MAXIMAS_REFERENCIALES] lista. Insertando 11 registros.
2026-06-18 08:46:44 | INFO     | scraper.tasas_referenciales | EJECUTANDO: Conectando via PYODBC para insertar en chunks en la tabla destino: ISC_VIZ_MK_TASAS_MAXIMAS_REFERENCIALES
2026-06-18 08:46:44 | INFO     | scraper.tasas_referenciales | EJECUTANDO ACCIÓN: Insertando 11 registros en [ISC_VIZ_MK_TASAS_MAXIMAS_REFERENCIALES] (chunks de 10000)
2026-06-18 08:46:44 | INFO     | scraper.tasas_referenciales | Carga finalizada: 11 registros insertados en [ISC_VIZ_MK_TASAS_MAXIMAS_REFERENCIALES]
2026-06-18 08:46:44 | INFO     | scraper.tasas_referenciales | EJECUTANDO: Tabla dbo.ISC_VIZ_OTRAS_TASAS_REFERENCIALES vacía; usando periodo base.
2026-06-18 08:46:44 | INFO     | scraper.tasas_referenciales | EJECUTANDO: dbo.ISC_VIZ_OTRAS_TASAS_REFERENCIALES -> periodo origen=202606 | periodo BD=199101
2026-06-18 08:46:44 | INFO     | scraper.tasas_referenciales | EJECUTANDO: Autocalculando DDL para [ISC_VIZ_OTRAS_TASAS_REFERENCIALES] desde el DataFrame
2026-06-18 08:46:44 | INFO     | scraper.tasas_referenciales | EJECUTANDO ACCIÓN: DDL:
CREATE TABLE [dbo].[ISC_VIZ_OTRAS_TASAS_REFERENCIALES] (
    [TASAS_REFERENCIALES] VARCHAR(38) NULL,
    [TASA_PORCENTUAL] DECIMAL(10,2) NULL,
    [CATEGORIA] VARCHAR(28) NULL,
    [PERIODO] INT NULL
);
2026-06-18 08:46:44 | INFO     | scraper.tasas_referenciales | EJECUTANDO: Tabla [ISC_VIZ_OTRAS_TASAS_REFERENCIALES] lista. Insertando 10 registros.
2026-06-18 08:46:44 | INFO     | scraper.tasas_referenciales | EJECUTANDO: Conectando via PYODBC para insertar en chunks en la tabla destino: ISC_VIZ_OTRAS_TASAS_REFERENCIALES
2026-06-18 08:46:44 | INFO     | scraper.tasas_referenciales | EJECUTANDO ACCIÓN: Insertando 10 registros en [ISC_VIZ_OTRAS_TASAS_REFERENCIALES] (chunks de 10000)
2026-06-18 08:46:44 | INFO     | scraper.tasas_referenciales | Carga finalizada: 10 registros insertados en [ISC_VIZ_OTRAS_TASAS_REFERENCIALES]
2026-06-18 08:46:44 | INFO     | scraper.tasas_referenciales | Carga completada. Enviando notificación de éxito.
2026-06-18 08:46:44 | INFO     | scraper.tasas_referenciales | Intento de Envio de Notificaciones
2026-06-18 08:46:46 | INFO     | scraper.tasas_referenciales | Notificación Teams enviada: ✅ Tasas Referenciales actualizadas
2026-06-18 08:46:46 | INFO     | scraper.tasas_referenciales | Resumen: sin errores no críticos.
2026-06-18 08:46:46 | INFO     | scraper.tasas_referenciales | === Fin scraper Tasas Referenciales ===
2026-06-18 09:11:42 | INFO     | scraper.tasas_referenciales | === Inicio scraper Tasas Referenciales ===
2026-06-18 09:11:42 | INFO     | scraper.tasas_referenciales | Descargando HTML (intento 1/3): https://contenido.bce.fin.ec/documentos/Estadisticas/SectorMonFin/TasasInteres/Indice.htm
2026-06-18 09:11:43 | INFO     | scraper.tasas_referenciales | HTML descargado correctamente (48554 caracteres)
2026-06-18 09:11:43 | INFO     | scraper.tasas_referenciales | Se encontraron 2 tablas en la página.
2026-06-18 09:11:43 | INFO     | scraper.tasas_referenciales | Tabla clave-valor extraída: tabla_extraida_1_indice_0 (24 filas)
2026-06-18 09:11:43 | INFO     | scraper.tasas_referenciales | Tabla clave-valor extraída: tabla_extraida_2_indice_1 (28 filas)
2026-06-18 09:11:43 | INFO     | scraper.tasas_referenciales | Total de tablas clave-valor extraídas: 2
2026-06-18 09:11:43 | INFO     | scraper.tasas_referenciales | Periodo detectado: Junio 2026 -> 202606
2026-06-18 09:11:43 | INFO     | scraper.tasas_referenciales | Scraping completo -> máximas: 11 filas | otras: 10 filas
2026-06-18 09:11:43 | INFO     | scraper.tasas_referenciales | Tasas máximas referenciales: 11 filas
2026-06-18 09:11:43 | INFO     | scraper.tasas_referenciales | Otras tasas: 10 filas
2026-06-18 09:11:44 | INFO     | scraper.tasas_referenciales | EJECUTANDO: dbo.ISC_VIZ_MK_TASAS_MAXIMAS_REFERENCIALES -> periodo origen=202606 | periodo BD=202606
2026-06-18 09:11:44 | INFO     | scraper.tasas_referenciales | EJECUTANDO: No hay datos nuevos para dbo.ISC_VIZ_MK_TASAS_MAXIMAS_REFERENCIALES
2026-06-18 09:11:44 | INFO     | scraper.tasas_referenciales | EJECUTANDO: dbo.ISC_VIZ_OTRAS_TASAS_REFERENCIALES -> periodo origen=202606 | periodo BD=202606
2026-06-18 09:11:44 | INFO     | scraper.tasas_referenciales | EJECUTANDO: No hay datos nuevos para dbo.ISC_VIZ_OTRAS_TASAS_REFERENCIALES
2026-06-18 09:11:44 | INFO     | scraper.tasas_referenciales | No hubo periodo nuevo; no se cargó nada.
2026-06-18 09:11:44 | INFO     | scraper.tasas_referenciales | Resumen: sin errores no críticos.
2026-06-18 09:11:44 | INFO     | scraper.tasas_referenciales | === Fin scraper Tasas Referenciales ===
2026-06-18 09:15:39 | INFO     | scraper.tasas_referenciales | === Inicio scraper Tasas Referenciales ===
2026-06-18 09:15:39 | INFO     | scraper.tasas_referenciales | Descargando HTML (intento 1/3): shttps://contenido.bce.fin.ec/documentos/Estadisticas/SectorMonFin/TasasInteres/Indice.htm
2026-06-18 09:15:39 | WARNING  | scraper.tasas_referenciales | Intento 1 falló: No connection adapters were found for 'shttps://contenido.bce.fin.ec/documentos/Estadisticas/SectorMonFin/TasasInteres/Indice.htm'
2026-06-18 09:15:39 | INFO     | scraper.tasas_referenciales | Esperando 2s antes de reintentar...
2026-06-18 09:15:41 | INFO     | scraper.tasas_referenciales | Descargando HTML (intento 2/3): shttps://contenido.bce.fin.ec/documentos/Estadisticas/SectorMonFin/TasasInteres/Indice.htm
2026-06-18 09:15:41 | WARNING  | scraper.tasas_referenciales | Intento 2 falló: No connection adapters were found for 'shttps://contenido.bce.fin.ec/documentos/Estadisticas/SectorMonFin/TasasInteres/Indice.htm'
2026-06-18 09:15:41 | INFO     | scraper.tasas_referenciales | Esperando 4s antes de reintentar...
2026-06-18 09:15:45 | INFO     | scraper.tasas_referenciales | Descargando HTML (intento 3/3): shttps://contenido.bce.fin.ec/documentos/Estadisticas/SectorMonFin/TasasInteres/Indice.htm
2026-06-18 09:15:45 | WARNING  | scraper.tasas_referenciales | Intento 3 falló: No connection adapters were found for 'shttps://contenido.bce.fin.ec/documentos/Estadisticas/SectorMonFin/TasasInteres/Indice.htm'
2026-06-18 09:15:45 | ERROR    | scraper.tasas_referenciales | Se agotaron los reintentos para shttps://contenido.bce.fin.ec/documentos/Estadisticas/SectorMonFin/TasasInteres/Indice.htm
2026-06-18 09:15:45 | INFO     | scraper.tasas_referenciales | Resumen: sin errores no críticos.
2026-06-18 09:15:45 | INFO     | scraper.tasas_referenciales | === Fin scraper Tasas Referenciales ===
2026-06-18 12:05:03 | INFO     | scraper.tasas_referenciales | === Inicio scraper Tasas Referenciales ===
2026-06-18 12:05:03 | INFO     | scraper.tasas_referenciales | Descargando HTML (intento 1/3): https://contenido.bce.fin.ec/documentos/Estadisticas/SectorMonFin/TasasInteres/Indice.htm
2026-06-18 12:05:05 | INFO     | scraper.tasas_referenciales | HTML descargado correctamente (48554 caracteres)
2026-06-18 12:05:05 | INFO     | scraper.tasas_referenciales | Se encontraron 2 tablas en la página.
2026-06-18 12:05:05 | INFO     | scraper.tasas_referenciales | Tabla clave-valor extraída: tabla_extraida_1_indice_0 (24 filas)
2026-06-18 12:05:05 | INFO     | scraper.tasas_referenciales | Tabla clave-valor extraída: tabla_extraida_2_indice_1 (28 filas)
2026-06-18 12:05:05 | INFO     | scraper.tasas_referenciales | Total de tablas clave-valor extraídas: 2
2026-06-18 12:05:05 | INFO     | scraper.tasas_referenciales | Periodo detectado: Junio 2026 -> 202606
2026-06-18 12:05:05 | INFO     | scraper.tasas_referenciales | Scraping completo -> máximas: 11 filas | otras: 10 filas
2026-06-18 12:05:05 | INFO     | scraper.tasas_referenciales | Tasas máximas referenciales: 11 filas
2026-06-18 12:05:05 | INFO     | scraper.tasas_referenciales | Otras tasas: 10 filas
2026-06-18 12:05:05 | INFO     | scraper.tasas_referenciales | EJECUTANDO: Tabla dbo.ISC_VIZ_MK_TASAS_MAXIMAS_REFERENCIALES vacía; usando periodo base.
2026-06-18 12:05:05 | INFO     | scraper.tasas_referenciales | EJECUTANDO: dbo.ISC_VIZ_MK_TASAS_MAXIMAS_REFERENCIALES -> periodo origen=202606 | periodo BD=199101
2026-06-18 12:05:05 | INFO     | scraper.tasas_referenciales | EJECUTANDO: Autocalculando DDL para [ISC_VIZ_MK_TASAS_MAXIMAS_REFERENCIALES] desde el DataFrame
2026-06-18 12:05:05 | INFO     | scraper.tasas_referenciales | EJECUTANDO ACCIÓN: DDL:
CREATE TABLE [dbo].[ISC_VIZ_MK_TASAS_MAXIMAS_REFERENCIALES] (
    [SEGMENTO_CREDITO] VARCHAR(53) NULL,
    [TASA_EFECTIVA_MAXIMA] DECIMAL(10,2) NULL,
    [TASA_REFERENCIAL] DECIMAL(10,2) NULL,
    [PERIODO] INT NULL
);
2026-06-18 12:05:05 | INFO     | scraper.tasas_referenciales | EJECUTANDO: Tabla [ISC_VIZ_MK_TASAS_MAXIMAS_REFERENCIALES] lista. Insertando 11 registros.
2026-06-18 12:05:05 | INFO     | scraper.tasas_referenciales | EJECUTANDO: Conectando via PYODBC para insertar en chunks en la tabla destino: ISC_VIZ_MK_TASAS_MAXIMAS_REFERENCIALES
2026-06-18 12:05:05 | INFO     | scraper.tasas_referenciales | EJECUTANDO ACCIÓN: Insertando 11 registros en [ISC_VIZ_MK_TASAS_MAXIMAS_REFERENCIALES] (chunks de 10000)
2026-06-18 12:05:05 | INFO     | scraper.tasas_referenciales | Carga finalizada: 11 registros insertados en [ISC_VIZ_MK_TASAS_MAXIMAS_REFERENCIALES]
2026-06-18 12:05:05 | INFO     | scraper.tasas_referenciales | EJECUTANDO: Tabla dbo.ISC_VIZ_OTRAS_TASAS_REFERENCIALES vacía; usando periodo base.
2026-06-18 12:05:05 | INFO     | scraper.tasas_referenciales | EJECUTANDO: dbo.ISC_VIZ_OTRAS_TASAS_REFERENCIALES -> periodo origen=202606 | periodo BD=199101
2026-06-18 12:05:05 | INFO     | scraper.tasas_referenciales | EJECUTANDO: Autocalculando DDL para [ISC_VIZ_OTRAS_TASAS_REFERENCIALES] desde el DataFrame
2026-06-18 12:05:05 | INFO     | scraper.tasas_referenciales | EJECUTANDO ACCIÓN: DDL:
CREATE TABLE [dbo].[ISC_VIZ_OTRAS_TASAS_REFERENCIALES] (
    [TASAS_REFERENCIALES] VARCHAR(38) NULL,
    [TASA_PORCENTUAL] DECIMAL(10,2) NULL,
    [CATEGORIA] VARCHAR(28) NULL,
    [PERIODO] INT NULL
);
2026-06-18 12:05:05 | INFO     | scraper.tasas_referenciales | EJECUTANDO: Tabla [ISC_VIZ_OTRAS_TASAS_REFERENCIALES] lista. Insertando 10 registros.
2026-06-18 12:05:05 | INFO     | scraper.tasas_referenciales | EJECUTANDO: Conectando via PYODBC para insertar en chunks en la tabla destino: ISC_VIZ_OTRAS_TASAS_REFERENCIALES
2026-06-18 12:05:05 | INFO     | scraper.tasas_referenciales | EJECUTANDO ACCIÓN: Insertando 10 registros en [ISC_VIZ_OTRAS_TASAS_REFERENCIALES] (chunks de 10000)
2026-06-18 12:05:05 | INFO     | scraper.tasas_referenciales | Carga finalizada: 10 registros insertados en [ISC_VIZ_OTRAS_TASAS_REFERENCIALES]
2026-06-18 12:05:05 | INFO     | scraper.tasas_referenciales | Carga completada. Enviando notificación de éxito.
2026-06-18 12:05:05 | INFO     | scraper.tasas_referenciales | Intento de Envio de Notificaciones por correo
2026-06-18 12:05:09 | INFO     | scraper.tasas_referenciales | Notificación por correo enviada: ✅ Tasas Referenciales actualizadas
2026-06-18 12:05:09 | INFO     | scraper.tasas_referenciales | Intento de Envio de Notificaciones
2026-06-18 12:05:10 | INFO     | scraper.tasas_referenciales | Notificación Teams enviada: ✅ Tasas Referenciales actualizadas
2026-06-18 12:05:10 | INFO     | scraper.tasas_referenciales | Resumen: sin errores no críticos.
2026-06-18 12:05:10 | INFO     | scraper.tasas_referenciales | === Fin scraper Tasas Referenciales ===
2026-06-18 14:51:02 | INFO     | scraper.tasas_referenciales | === Inicio scraper Tasas Referenciales ===
2026-06-18 14:51:02 | INFO     | scraper.tasas_referenciales | Descargando HTML (intento 1/3): hhttps://contenido.bce.fin.ec/documentos/Estadisticas/SectorMonFin/TasasInteres/Indice.htm
2026-06-18 14:51:02 | WARNING  | scraper.tasas_referenciales | Intento 1 falló: No connection adapters were found for 'hhttps://contenido.bce.fin.ec/documentos/Estadisticas/SectorMonFin/TasasInteres/Indice.htm'
2026-06-18 14:51:02 | INFO     | scraper.tasas_referenciales | Esperando 2s antes de reintentar...
2026-06-18 14:51:04 | INFO     | scraper.tasas_referenciales | Descargando HTML (intento 2/3): hhttps://contenido.bce.fin.ec/documentos/Estadisticas/SectorMonFin/TasasInteres/Indice.htm
2026-06-18 14:51:04 | WARNING  | scraper.tasas_referenciales | Intento 2 falló: No connection adapters were found for 'hhttps://contenido.bce.fin.ec/documentos/Estadisticas/SectorMonFin/TasasInteres/Indice.htm'
2026-06-18 14:51:04 | INFO     | scraper.tasas_referenciales | Esperando 4s antes de reintentar...
2026-06-18 14:51:08 | INFO     | scraper.tasas_referenciales | Descargando HTML (intento 3/3): hhttps://contenido.bce.fin.ec/documentos/Estadisticas/SectorMonFin/TasasInteres/Indice.htm
2026-06-18 14:51:08 | WARNING  | scraper.tasas_referenciales | Intento 3 falló: No connection adapters were found for 'hhttps://contenido.bce.fin.ec/documentos/Estadisticas/SectorMonFin/TasasInteres/Indice.htm'
2026-06-18 14:51:08 | ERROR    | scraper.tasas_referenciales | Se agotaron los reintentos para hhttps://contenido.bce.fin.ec/documentos/Estadisticas/SectorMonFin/TasasInteres/Indice.htm
2026-06-18 14:51:08 | INFO     | scraper.tasas_referenciales | Resumen: sin errores no críticos.
2026-06-18 14:51:08 | INFO     | scraper.tasas_referenciales | === Fin scraper Tasas Referenciales ===
2026-06-18 14:55:41 | INFO     | scraper.tasas_referenciales | === Inicio scraper Tasas Referenciales ===
2026-06-18 14:55:41 | INFO     | scraper.tasas_referenciales | Descargando HTML (intento 1/3): hhttps://contenido.bce.fin.ec/documentos/Estadisticas/SectorMonFin/TasasInteres/Indice.htm
2026-06-18 14:55:41 | WARNING  | scraper.tasas_referenciales | Intento 1 falló: No connection adapters were found for 'hhttps://contenido.bce.fin.ec/documentos/Estadisticas/SectorMonFin/TasasInteres/Indice.htm'
2026-06-18 14:55:41 | INFO     | scraper.tasas_referenciales | Esperando 2s antes de reintentar...
2026-06-18 14:55:43 | INFO     | scraper.tasas_referenciales | Descargando HTML (intento 2/3): hhttps://contenido.bce.fin.ec/documentos/Estadisticas/SectorMonFin/TasasInteres/Indice.htm
2026-06-18 14:55:43 | WARNING  | scraper.tasas_referenciales | Intento 2 falló: No connection adapters were found for 'hhttps://contenido.bce.fin.ec/documentos/Estadisticas/SectorMonFin/TasasInteres/Indice.htm'
2026-06-18 14:55:43 | INFO     | scraper.tasas_referenciales | Esperando 4s antes de reintentar...
2026-06-18 14:55:47 | INFO     | scraper.tasas_referenciales | Descargando HTML (intento 3/3): hhttps://contenido.bce.fin.ec/documentos/Estadisticas/SectorMonFin/TasasInteres/Indice.htm
2026-06-18 14:55:47 | WARNING  | scraper.tasas_referenciales | Intento 3 falló: No connection adapters were found for 'hhttps://contenido.bce.fin.ec/documentos/Estadisticas/SectorMonFin/TasasInteres/Indice.htm'
2026-06-18 14:55:47 | ERROR    | scraper.tasas_referenciales | Se agotaron los reintentos para hhttps://contenido.bce.fin.ec/documentos/Estadisticas/SectorMonFin/TasasInteres/Indice.htm
2026-06-18 14:55:47 | ERROR    | scraper.tasas_referenciales | Error crítico en la ejecución del scraper
Traceback (most recent call last):
  File "C:\Users\cbenalcazar\Downloads\ScraperBCE-main\main.py", line 16, in main
    df_maximas, df_otras = ejecutar_scraping()
                           ~~~~~~~~~~~~~~~~~^^
  File "C:\Users\cbenalcazar\Downloads\ScraperBCE-main\src\scraper\tasas_referenciales.py", line 221, in ejecutar_scraping
    tablas = obtener_tablas()
  File "C:\Users\cbenalcazar\Downloads\ScraperBCE-main\src\scraper\tasas_referenciales.py", line 70, in obtener_tablas
    html = obtener_html(url)
  File "C:\Users\cbenalcazar\Downloads\ScraperBCE-main\src\scraper\http_client.py", line 66, in obtener_html
    raise ultimo_error  # type: ignore[misc]
    ^^^^^^^^^^^^^^^^^^
  File "C:\Users\cbenalcazar\Downloads\ScraperBCE-main\src\scraper\http_client.py", line 43, in obtener_html
    response = requests.get(
        url,
    ...<2 lines>...
        verify=VERIFY_SSL,
    )
  File "C:\Users\cbenalcazar\AppData\Roaming\Python\Python314\site-packages\requests\api.py", line 87, in get
    return request("get", url, params=params, **kwargs)
  File "C:\Users\cbenalcazar\AppData\Roaming\Python\Python314\site-packages\requests\api.py", line 71, in request
    return session.request(method=method, url=url, **kwargs)
           ~~~~~~~~~~~~~~~^^^^^^^^^^^^^^^^^^^^^^^^^^^^^^^^^^
  File "C:\Users\cbenalcazar\AppData\Roaming\Python\Python314\site-packages\requests\sessions.py", line 651, in request
    resp = self.send(prep, **send_kwargs)
  File "C:\Users\cbenalcazar\AppData\Roaming\Python\Python314\site-packages\requests\sessions.py", line 778, in send
    adapter = self.get_adapter(url=request.url)
  File "C:\Users\cbenalcazar\AppData\Roaming\Python\Python314\site-packages\requests\sessions.py", line 881, in get_adapter
    raise InvalidSchema(f"No connection adapters were found for {url!r}")
requests.exceptions.InvalidSchema: No connection adapters were found for 'hhttps://contenido.bce.fin.ec/documentos/Estadisticas/SectorMonFin/TasasInteres/Indice.htm'
2026-06-18 14:55:47 | INFO     | scraper.tasas_referenciales | Intento de Envio de Notificaciones por correo
2026-06-18 14:55:55 | INFO     | scraper.tasas_referenciales | Notificación por correo enviada: ❌ Tasas Referenciales: error de ejecución
2026-06-18 14:55:55 | INFO     | scraper.tasas_referenciales | Intento de Envio de Notificaciones
2026-06-18 14:55:57 | INFO     | scraper.tasas_referenciales | Notificación Teams enviada: ❌ Tasas Referenciales: error de ejecución
2026-06-18 14:55:57 | INFO     | scraper.tasas_referenciales | Resumen: sin errores no críticos.
2026-06-18 14:55:57 | INFO     | scraper.tasas_referenciales | === Fin scraper Tasas Referenciales ===
2026-06-18 17:07:27 | INFO     | scraper.tasas_referenciales | === Inicio scraper Tasas Referenciales ===
2026-06-18 17:07:27 | INFO     | scraper.tasas_referenciales | Descargando HTML (intento 1/3): https://contenido.bce.fin.ec/documentos/Estadisticas/SectorMonFin/TasasInteres/Indice.htm
2026-06-18 17:07:29 | INFO     | scraper.tasas_referenciales | HTML descargado correctamente (48554 caracteres)
2026-06-18 17:07:29 | INFO     | scraper.tasas_referenciales | Se encontraron 2 tablas en la página.
2026-06-18 17:07:29 | INFO     | scraper.tasas_referenciales | Tabla clave-valor extraída: tabla_extraida_1_indice_0 (24 filas)
2026-06-18 17:07:29 | INFO     | scraper.tasas_referenciales | Tabla clave-valor extraída: tabla_extraida_2_indice_1 (28 filas)
2026-06-18 17:07:29 | INFO     | scraper.tasas_referenciales | Total de tablas clave-valor extraídas: 2
2026-06-18 17:07:29 | INFO     | scraper.tasas_referenciales | Periodo detectado: Junio 2026 -> 202606
2026-06-18 17:07:29 | INFO     | scraper.tasas_referenciales | Scraping completo -> máximas: 11 filas | otras: 10 filas
2026-06-18 17:07:29 | INFO     | scraper.tasas_referenciales | Tasas máximas referenciales: 11 filas
2026-06-18 17:07:29 | INFO     | scraper.tasas_referenciales | Otras tasas: 10 filas
2026-06-18 17:07:30 | INFO     | scraper.tasas_referenciales | EJECUTANDO: Tabla dbo.ISC_VIZ_MK_TASAS_MAXIMAS_REFERENCIALES vacía; usando periodo base.
2026-06-18 17:07:30 | INFO     | scraper.tasas_referenciales | EJECUTANDO: dbo.ISC_VIZ_MK_TASAS_MAXIMAS_REFERENCIALES -> periodo origen=202606 | periodo BD=199101
2026-06-18 17:07:30 | INFO     | scraper.tasas_referenciales | EJECUTANDO: Autocalculando DDL para [ISC_VIZ_MK_TASAS_MAXIMAS_REFERENCIALES] desde el DataFrame
2026-06-18 17:07:30 | INFO     | scraper.tasas_referenciales | EJECUTANDO ACCIÓN: DDL:
CREATE TABLE [dbo].[ISC_VIZ_MK_TASAS_MAXIMAS_REFERENCIALES] (
    [SEGMENTO_CREDITO] VARCHAR(53) NULL,
    [TASA_EFECTIVA_MAXIMA] DECIMAL(10,2) NULL,
    [TASA_REFERENCIAL] DECIMAL(10,2) NULL,
    [PERIODO] INT NULL
);
2026-06-18 17:07:30 | INFO     | scraper.tasas_referenciales | EJECUTANDO: Tabla [ISC_VIZ_MK_TASAS_MAXIMAS_REFERENCIALES] lista. Insertando 11 registros.
2026-06-18 17:07:30 | INFO     | scraper.tasas_referenciales | EJECUTANDO: Conectando via PYODBC para insertar en chunks en la tabla destino: ISC_VIZ_MK_TASAS_MAXIMAS_REFERENCIALES
2026-06-18 17:07:30 | INFO     | scraper.tasas_referenciales | EJECUTANDO ACCIÓN: Insertando 11 registros en [ISC_VIZ_MK_TASAS_MAXIMAS_REFERENCIALES] (chunks de 10000)
2026-06-18 17:07:30 | INFO     | scraper.tasas_referenciales | Carga finalizada: 11 registros insertados en [ISC_VIZ_MK_TASAS_MAXIMAS_REFERENCIALES]
2026-06-18 17:07:30 | INFO     | scraper.tasas_referenciales | EJECUTANDO: Tabla dbo.ISC_VIZ_OTRAS_TASAS_REFERENCIALES vacía; usando periodo base.
2026-06-18 17:07:30 | INFO     | scraper.tasas_referenciales | EJECUTANDO: dbo.ISC_VIZ_OTRAS_TASAS_REFERENCIALES -> periodo origen=202606 | periodo BD=199101
2026-06-18 17:07:30 | INFO     | scraper.tasas_referenciales | EJECUTANDO: Autocalculando DDL para [ISC_VIZ_OTRAS_TASAS_REFERENCIALES] desde el DataFrame
2026-06-18 17:07:30 | INFO     | scraper.tasas_referenciales | EJECUTANDO ACCIÓN: DDL:
CREATE TABLE [dbo].[ISC_VIZ_OTRAS_TASAS_REFERENCIALES] (
    [TASAS_REFERENCIALES] VARCHAR(38) NULL,
    [TASA_PORCENTUAL] DECIMAL(10,2) NULL,
    [CATEGORIA] VARCHAR(28) NULL,
    [PERIODO] INT NULL
);
2026-06-18 17:07:30 | INFO     | scraper.tasas_referenciales | EJECUTANDO: Tabla [ISC_VIZ_OTRAS_TASAS_REFERENCIALES] lista. Insertando 10 registros.
2026-06-18 17:07:30 | INFO     | scraper.tasas_referenciales | EJECUTANDO: Conectando via PYODBC para insertar en chunks en la tabla destino: ISC_VIZ_OTRAS_TASAS_REFERENCIALES
2026-06-18 17:07:30 | INFO     | scraper.tasas_referenciales | EJECUTANDO ACCIÓN: Insertando 10 registros en [ISC_VIZ_OTRAS_TASAS_REFERENCIALES] (chunks de 10000)
2026-06-18 17:07:30 | INFO     | scraper.tasas_referenciales | Carga finalizada: 10 registros insertados en [ISC_VIZ_OTRAS_TASAS_REFERENCIALES]
2026-06-18 17:07:30 | INFO     | scraper.tasas_referenciales | Carga completada. Enviando notificación de éxito.
2026-06-18 17:07:30 | INFO     | scraper.tasas_referenciales | Intento de Envio de Notificaciones por correo
2026-06-18 17:07:34 | INFO     | scraper.tasas_referenciales | Notificación por correo enviada: ✅ Tasas Referenciales actualizadas
2026-06-18 17:07:34 | INFO     | scraper.tasas_referenciales | Intento de Envio de Notificaciones
2026-06-18 17:07:52 | INFO     | scraper.tasas_referenciales | Notificación Teams enviada: ✅ Tasas Referenciales actualizadas
2026-06-18 17:07:52 | INFO     | scraper.tasas_referenciales | Resumen: sin errores no críticos.
2026-06-18 17:07:52 | INFO     | scraper.tasas_referenciales | === Fin scraper Tasas Referenciales ===
2026-06-18 17:08:35 | INFO     | scraper.tasas_referenciales | === Inicio scraper Tasas Referenciales ===
2026-06-18 17:08:35 | INFO     | scraper.tasas_referenciales | Descargando HTML (intento 1/3): shttps://contenido.bce.fin.ec/documentos/Estadisticas/SectorMonFin/TasasInteres/Indice.htm
2026-06-18 17:08:35 | WARNING  | scraper.tasas_referenciales | Intento 1 falló: No connection adapters were found for 'shttps://contenido.bce.fin.ec/documentos/Estadisticas/SectorMonFin/TasasInteres/Indice.htm'
2026-06-18 17:08:35 | INFO     | scraper.tasas_referenciales | Esperando 2s antes de reintentar...
2026-06-18 17:08:37 | INFO     | scraper.tasas_referenciales | Descargando HTML (intento 2/3): shttps://contenido.bce.fin.ec/documentos/Estadisticas/SectorMonFin/TasasInteres/Indice.htm
2026-06-18 17:08:37 | WARNING  | scraper.tasas_referenciales | Intento 2 falló: No connection adapters were found for 'shttps://contenido.bce.fin.ec/documentos/Estadisticas/SectorMonFin/TasasInteres/Indice.htm'
2026-06-18 17:08:37 | INFO     | scraper.tasas_referenciales | Esperando 4s antes de reintentar...
2026-06-18 17:08:41 | INFO     | scraper.tasas_referenciales | Descargando HTML (intento 3/3): shttps://contenido.bce.fin.ec/documentos/Estadisticas/SectorMonFin/TasasInteres/Indice.htm
2026-06-18 17:08:41 | WARNING  | scraper.tasas_referenciales | Intento 3 falló: No connection adapters were found for 'shttps://contenido.bce.fin.ec/documentos/Estadisticas/SectorMonFin/TasasInteres/Indice.htm'
2026-06-18 17:08:41 | ERROR    | scraper.tasas_referenciales | Se agotaron los reintentos para shttps://contenido.bce.fin.ec/documentos/Estadisticas/SectorMonFin/TasasInteres/Indice.htm
2026-06-18 17:08:41 | ERROR    | scraper.tasas_referenciales | Error crítico en la ejecución del scraper
Traceback (most recent call last):
  File "C:\Users\cbenalcazar\Downloads\ScraperBCE-main\main.py", line 16, in main
    df_maximas, df_otras = ejecutar_scraping()
                           ~~~~~~~~~~~~~~~~~^^
  File "C:\Users\cbenalcazar\Downloads\ScraperBCE-main\src\scraper\tasas_referenciales.py", line 221, in ejecutar_scraping
    tablas = obtener_tablas()
  File "C:\Users\cbenalcazar\Downloads\ScraperBCE-main\src\scraper\tasas_referenciales.py", line 70, in obtener_tablas
    html = obtener_html(url)
  File "C:\Users\cbenalcazar\Downloads\ScraperBCE-main\src\scraper\http_client.py", line 66, in obtener_html
    raise ultimo_error  # type: ignore[misc]
    ^^^^^^^^^^^^^^^^^^
  File "C:\Users\cbenalcazar\Downloads\ScraperBCE-main\src\scraper\http_client.py", line 43, in obtener_html
    response = requests.get(
        url,
    ...<2 lines>...
        verify=VERIFY_SSL,
    )
  File "C:\Users\cbenalcazar\AppData\Roaming\Python\Python314\site-packages\requests\api.py", line 87, in get
    return request("get", url, params=params, **kwargs)
  File "C:\Users\cbenalcazar\AppData\Roaming\Python\Python314\site-packages\requests\api.py", line 71, in request
    return session.request(method=method, url=url, **kwargs)
           ~~~~~~~~~~~~~~~^^^^^^^^^^^^^^^^^^^^^^^^^^^^^^^^^^
  File "C:\Users\cbenalcazar\AppData\Roaming\Python\Python314\site-packages\requests\sessions.py", line 651, in request
    resp = self.send(prep, **send_kwargs)
  File "C:\Users\cbenalcazar\AppData\Roaming\Python\Python314\site-packages\requests\sessions.py", line 778, in send
    adapter = self.get_adapter(url=request.url)
  File "C:\Users\cbenalcazar\AppData\Roaming\Python\Python314\site-packages\requests\sessions.py", line 881, in get_adapter
    raise InvalidSchema(f"No connection adapters were found for {url!r}")
requests.exceptions.InvalidSchema: No connection adapters were found for 'shttps://contenido.bce.fin.ec/documentos/Estadisticas/SectorMonFin/TasasInteres/Indice.htm'
2026-06-18 17:08:41 | INFO     | scraper.tasas_referenciales | Intento de Envio de Notificaciones por correo
2026-06-18 17:08:45 | INFO     | scraper.tasas_referenciales | Notificación por correo enviada: ❌ Tasas Referenciales: error de ejecución
2026-06-18 17:08:45 | INFO     | scraper.tasas_referenciales | Intento de Envio de Notificaciones
2026-06-18 17:09:03 | INFO     | scraper.tasas_referenciales | Notificación Teams enviada: ❌ Tasas Referenciales: error de ejecución
2026-06-18 17:09:03 | INFO     | scraper.tasas_referenciales | Resumen: sin errores no críticos.
2026-06-18 17:09:03 | INFO     | scraper.tasas_referenciales | === Fin scraper Tasas Referenciales ===
